<?xml version="1.0" encoding="UTF-8"?>
<!-- Generated by org.testng.reporters.JUnitReportReporter -->
<testsuite hostname="NBWenderson" name="tjmg.pje.SuiteDeTestes.ClsTestaPaginaDeLoginPJE" tests="5" failures="0" timestamp="10 May 2016 01:51:45 GMT" time="0.027" errors="5">
  <testcase name="mTestaLoginNoSistemaPJEPerfilPublico" time="0.002" classname="tjmg.pje.SuiteDeTestes.ClsTestaPaginaDeLoginPJE">
    <error type="org.openqa.selenium.WebDriverException" message="Failed to connect to binary FirefoxBinary(C:\Program Files\Mozilla Firefox\firefox.exe) on port 7056; process output follows: 
&quot;contributors&quot;:[&quot;Mozilla Contributors&quot;]},&quot;visible&quot;:true,&quot;active&quot;:true,&quot;userDisabled&quot;:false,&quot;appDisabled&quot;:false,&quot;descriptor&quot;:&quot;C:\\Program Files\\Mozilla Firefox\\browser\\extensions\\{972ce4c6-7e08-4474-a285-3208198ce6fd}.xpi&quot;,&quot;installDate&quot;:1462643634604,&quot;updateDate&quot;:1462643634604,&quot;applyBackgroundUpdates&quot;:1,&quot;skinnable&quot;:true,&quot;size&quot;:22012,&quot;sourceURI&quot;:null,&quot;releaseNotesURI&quot;:null,&quot;softDisabled&quot;:false,&quot;foreignInstall&quot;:false,&quot;hasBinaryComponents&quot;:false,&quot;strictCompatibility&quot;:true,&quot;locales&quot;:[],&quot;targetApplications&quot;:[{&quot;id&quot;:&quot;{ec8030f7-c20a-464f-9b0e-13a3a9e97384}&quot;,&quot;minVersion&quot;:&quot;46.0.1&quot;,&quot;maxVersion&quot;:&quot;46.0.1&quot;}],&quot;targetPlatforms&quot;:[],&quot;seen&quot;:true}
1462845056259	addons.xpi	DEBUG	getModTime: Recursive scan of {972ce4c6-7e08-4474-a285-3208198ce6fd}
1462845056264	DeferredSave.extensions.json	DEBUG	Save changes
1462845056265	addons.xpi	DEBUG	Updating database with changes to installed add-ons
1462845056265	addons.xpi-utils	DEBUG	Updating add-on states
1462845056268	addons.xpi-utils	DEBUG	Writing add-ons list
1462845056279	addons.xpi	DEBUG	Registering manifest for C:\Program Files\Mozilla Firefox\browser\features\e10srollout@mozilla.org.xpi
1462845056282	addons.xpi	DEBUG	Calling bootstrap method startup on e10srollout@mozilla.org version 1.0
1462845056283	addons.xpi	DEBUG	Registering manifest for C:\Program Files\Mozilla Firefox\browser\features\firefox@getpocket.com.xpi
1462845056287	addons.xpi	DEBUG	Calling bootstrap method startup on firefox@getpocket.com version 1.0
1462845056292	addons.xpi	DEBUG	Registering manifest for C:\Program Files\Mozilla Firefox\browser\features\loop@mozilla.org.xpi
1462845056297	addons.xpi	DEBUG	Calling bootstrap method startup on loop@mozilla.org version 1.2.6
1462845056418	addons.xpi	DEBUG	Registering manifest for C:\Program Files\Mozilla Firefox\browser\extensions\{82AF8DCA-6DE9-405D-BD5E-43525BDAD38A}.xpi
1462845056421	addons.xpi	DEBUG	Calling bootstrap method startup on {82AF8DCA-6DE9-405D-BD5E-43525BDAD38A} version 8.1.0.9134
1462845056433	addons.manager	DEBUG	Registering shutdown blocker for XPIProvider
1462845056434	addons.manager	DEBUG	Provider finished startup: XPIProvider
1462845056436	addons.manager	DEBUG	Starting provider: LightweightThemeManager
1462845056436	addons.manager	DEBUG	Registering shutdown blocker for LightweightThemeManager
1462845056438	addons.manager	DEBUG	Provider finished startup: LightweightThemeManager
1462845056440	addons.manager	DEBUG	Starting provider: GMPProvider
1462845056545	addons.manager	DEBUG	Registering shutdown blocker for GMPProvider
1462845056546	addons.manager	DEBUG	Provider finished startup: GMPProvider
1462845056546	addons.manager	DEBUG	Starting provider: PluginProvider
1462845056547	addons.manager	DEBUG	Registering shutdown blocker for PluginProvider
1462845056548	addons.manager	DEBUG	Provider finished startup: PluginProvider
1462845056550	addons.manager	DEBUG	Completed startup sequence
1462845061133	addons.manager	DEBUG	Starting provider: &lt;unnamed-provider&gt;
1462845061133	addons.manager	DEBUG	Registering shutdown blocker for &lt;unnamed-provider&gt;
1462845061135	addons.manager	DEBUG	Provider finished startup: &lt;unnamed-provider&gt;
1462845063378	DeferredSave.extensions.json	DEBUG	Write succeeded
1462845063378	addons.xpi-utils	DEBUG	XPI Database saved, setting schema version preference to 17
1462845063378	DeferredSave.extensions.json	DEBUG	Starting timer
1462845063408	DeferredSave.extensions.json	DEBUG	Starting write
1462845063490	addons.repository	DEBUG	No addons.json found.
1462845063492	DeferredSave.addons.json	DEBUG	Save changes
1462845063505	DeferredSave.addons.json	DEBUG	Starting timer
1462845063680	addons.manager	DEBUG	Starting provider: PreviousExperimentProvider
1462845063680	addons.manager	DEBUG	Registering shutdown blocker for PreviousExperimentProvider
1462845063682	addons.manager	DEBUG	Provider finished startup: PreviousExperimentProvider
1462845063699	DeferredSave.addons.json	DEBUG	Starting write
1462845063744	DeferredSave.extensions.json	DEBUG	Write succeeded
1462845063892	DeferredSave.addons.json	DEBUG	Write succeeded

Build info: version: &#039;2.50.1&#039;, revision: &#039;d7fc91b&#039;, time: &#039;2016-01-29 19:08:26&#039;
System info: host: &#039;NBWenderson&#039;, ip: &#039;169.254.122.63&#039;, os.name: &#039;Windows 7&#039;, os.arch: &#039;x86&#039;, os.version: &#039;6.1&#039;, java.version: &#039;1.8.0_91&#039;
Driver info: driver.version: FirefoxDriver">
      <![CDATA[org.openqa.selenium.WebDriverException: Failed to connect to binary FirefoxBinary(C:\Program Files\Mozilla Firefox\firefox.exe) on port 7056; process output follows: 
"contributors":["Mozilla Contributors"]},"visible":true,"active":true,"userDisabled":false,"appDisabled":false,"descriptor":"C:\\Program Files\\Mozilla Firefox\\browser\\extensions\\{972ce4c6-7e08-4474-a285-3208198ce6fd}.xpi","installDate":1462643634604,"updateDate":1462643634604,"applyBackgroundUpdates":1,"skinnable":true,"size":22012,"sourceURI":null,"releaseNotesURI":null,"softDisabled":false,"foreignInstall":false,"hasBinaryComponents":false,"strictCompatibility":true,"locales":[],"targetApplications":[{"id":"{ec8030f7-c20a-464f-9b0e-13a3a9e97384}","minVersion":"46.0.1","maxVersion":"46.0.1"}],"targetPlatforms":[],"seen":true}
1462845056259	addons.xpi	DEBUG	getModTime: Recursive scan of {972ce4c6-7e08-4474-a285-3208198ce6fd}
1462845056264	DeferredSave.extensions.json	DEBUG	Save changes
1462845056265	addons.xpi	DEBUG	Updating database with changes to installed add-ons
1462845056265	addons.xpi-utils	DEBUG	Updating add-on states
1462845056268	addons.xpi-utils	DEBUG	Writing add-ons list
1462845056279	addons.xpi	DEBUG	Registering manifest for C:\Program Files\Mozilla Firefox\browser\features\e10srollout@mozilla.org.xpi
1462845056282	addons.xpi	DEBUG	Calling bootstrap method startup on e10srollout@mozilla.org version 1.0
1462845056283	addons.xpi	DEBUG	Registering manifest for C:\Program Files\Mozilla Firefox\browser\features\firefox@getpocket.com.xpi
1462845056287	addons.xpi	DEBUG	Calling bootstrap method startup on firefox@getpocket.com version 1.0
1462845056292	addons.xpi	DEBUG	Registering manifest for C:\Program Files\Mozilla Firefox\browser\features\loop@mozilla.org.xpi
1462845056297	addons.xpi	DEBUG	Calling bootstrap method startup on loop@mozilla.org version 1.2.6
1462845056418	addons.xpi	DEBUG	Registering manifest for C:\Program Files\Mozilla Firefox\browser\extensions\{82AF8DCA-6DE9-405D-BD5E-43525BDAD38A}.xpi
1462845056421	addons.xpi	DEBUG	Calling bootstrap method startup on {82AF8DCA-6DE9-405D-BD5E-43525BDAD38A} version 8.1.0.9134
1462845056433	addons.manager	DEBUG	Registering shutdown blocker for XPIProvider
1462845056434	addons.manager	DEBUG	Provider finished startup: XPIProvider
1462845056436	addons.manager	DEBUG	Starting provider: LightweightThemeManager
1462845056436	addons.manager	DEBUG	Registering shutdown blocker for LightweightThemeManager
1462845056438	addons.manager	DEBUG	Provider finished startup: LightweightThemeManager
1462845056440	addons.manager	DEBUG	Starting provider: GMPProvider
1462845056545	addons.manager	DEBUG	Registering shutdown blocker for GMPProvider
1462845056546	addons.manager	DEBUG	Provider finished startup: GMPProvider
1462845056546	addons.manager	DEBUG	Starting provider: PluginProvider
1462845056547	addons.manager	DEBUG	Registering shutdown blocker for PluginProvider
1462845056548	addons.manager	DEBUG	Provider finished startup: PluginProvider
1462845056550	addons.manager	DEBUG	Completed startup sequence
1462845061133	addons.manager	DEBUG	Starting provider: <unnamed-provider>
1462845061133	addons.manager	DEBUG	Registering shutdown blocker for <unnamed-provider>
1462845061135	addons.manager	DEBUG	Provider finished startup: <unnamed-provider>
1462845063378	DeferredSave.extensions.json	DEBUG	Write succeeded
1462845063378	addons.xpi-utils	DEBUG	XPI Database saved, setting schema version preference to 17
1462845063378	DeferredSave.extensions.json	DEBUG	Starting timer
1462845063408	DeferredSave.extensions.json	DEBUG	Starting write
1462845063490	addons.repository	DEBUG	No addons.json found.
1462845063492	DeferredSave.addons.json	DEBUG	Save changes
1462845063505	DeferredSave.addons.json	DEBUG	Starting timer
1462845063680	addons.manager	DEBUG	Starting provider: PreviousExperimentProvider
1462845063680	addons.manager	DEBUG	Registering shutdown blocker for PreviousExperimentProvider
1462845063682	addons.manager	DEBUG	Provider finished startup: PreviousExperimentProvider
1462845063699	DeferredSave.addons.json	DEBUG	Starting write
1462845063744	DeferredSave.extensions.json	DEBUG	Write succeeded
1462845063892	DeferredSave.addons.json	DEBUG	Write succeeded

Build info: version: '2.50.1', revision: 'd7fc91b', time: '2016-01-29 19:08:26'
System info: host: 'NBWenderson', ip: '169.254.122.63', os.name: 'Windows 7', os.arch: 'x86', os.version: '6.1', java.version: '1.8.0_91'
Driver info: driver.version: FirefoxDriver
	at org.openqa.selenium.firefox.internal.NewProfileExtensionConnection.start(NewProfileExtensionConnection.java:134)
	at org.openqa.selenium.firefox.FirefoxDriver.startClient(FirefoxDriver.java:271)
	at org.openqa.selenium.remote.RemoteWebDriver.<init>(RemoteWebDriver.java:119)
	at org.openqa.selenium.firefox.FirefoxDriver.<init>(FirefoxDriver.java:218)
	at org.openqa.selenium.firefox.FirefoxDriver.<init>(FirefoxDriver.java:211)
	at org.openqa.selenium.firefox.FirefoxDriver.<init>(FirefoxDriver.java:207)
	at org.openqa.selenium.firefox.FirefoxDriver.<init>(FirefoxDriver.java:120)
	at tjmg.pje.SuiteDeTestes.ClsTestaPaginaDeLoginPJE.inicializarDriver(ClsTestaPaginaDeLoginPJE.java:61)
	at sun.reflect.NativeMethodAccessorImpl.invoke0(Native Method)
	at sun.reflect.NativeMethodAccessorImpl.invoke(Unknown Source)
	at sun.reflect.DelegatingMethodAccessorImpl.invoke(Unknown Source)
	at java.lang.reflect.Method.invoke(Unknown Source)
	at org.testng.internal.MethodInvocationHelper.invokeMethod(MethodInvocationHelper.java:86)
	at org.testng.internal.Invoker.invokeConfigurationMethod(Invoker.java:515)
	at org.testng.internal.Invoker.invokeConfigurations(Invoker.java:216)
	at org.testng.internal.Invoker.invokeConfigurations(Invoker.java:143)
	at org.testng.internal.TestMethodWorker.invokeBeforeClassMethods(TestMethodWorker.java:178)
	at org.testng.internal.TestMethodWorker.run(TestMethodWorker.java:108)
	at org.testng.TestRunner.privateRun(TestRunner.java:778)
	at org.testng.TestRunner.run(TestRunner.java:632)
	at org.testng.SuiteRunner.runTest(SuiteRunner.java:366)
	at org.testng.SuiteRunner.runSequentially(SuiteRunner.java:361)
	at org.testng.SuiteRunner.privateRun(SuiteRunner.java:319)
	at org.testng.SuiteRunner.run(SuiteRunner.java:268)
	at org.testng.SuiteRunnerWorker.runSuite(SuiteRunnerWorker.java:52)
	at org.testng.SuiteRunnerWorker.run(SuiteRunnerWorker.java:86)
	at org.testng.TestNG.runSuitesSequentially(TestNG.java:1225)
	at org.testng.TestNG.runSuitesLocally(TestNG.java:1150)
	at org.testng.TestNG.runSuites(TestNG.java:1075)
	at org.testng.TestNG.run(TestNG.java:1047)
	at org.testng.remote.AbstractRemoteTestNG.run(AbstractRemoteTestNG.java:126)
	at org.testng.remote.RemoteTestNG.initAndRun(RemoteTestNG.java:137)
	at org.testng.remote.RemoteTestNG.main(RemoteTestNG.java:58)
Caused by: org.openqa.selenium.firefox.NotConnectedException: Unable to connect to host 127.0.0.1 on port 7056 after 45000 ms. Firefox console output:
"contributors":["Mozilla Contributors"]},"visible":true,"active":true,"userDisabled":false,"appDisabled":false,"descriptor":"C:\\Program Files\\Mozilla Firefox\\browser\\extensions\\{972ce4c6-7e08-4474-a285-3208198ce6fd}.xpi","installDate":1462643634604,"updateDate":1462643634604,"applyBackgroundUpdates":1,"skinnable":true,"size":22012,"sourceURI":null,"releaseNotesURI":null,"softDisabled":false,"foreignInstall":false,"hasBinaryComponents":false,"strictCompatibility":true,"locales":[],"targetApplications":[{"id":"{ec8030f7-c20a-464f-9b0e-13a3a9e97384}","minVersion":"46.0.1","maxVersion":"46.0.1"}],"targetPlatforms":[],"seen":true}
1462845056259	addons.xpi	DEBUG	getModTime: Recursive scan of {972ce4c6-7e08-4474-a285-3208198ce6fd}
1462845056264	DeferredSave.extensions.json	DEBUG	Save changes
1462845056265	addons.xpi	DEBUG	Updating database with changes to installed add-ons
1462845056265	addons.xpi-utils	DEBUG	Updating add-on states
1462845056268	addons.xpi-utils	DEBUG	Writing add-ons list
1462845056279	addons.xpi	DEBUG	Registering manifest for C:\Program Files\Mozilla Firefox\browser\features\e10srollout@mozilla.org.xpi
1462845056282	addons.xpi	DEBUG	Calling bootstrap method startup on e10srollout@mozilla.org version 1.0
1462845056283	addons.xpi	DEBUG	Registering manifest for C:\Program Files\Mozilla Firefox\browser\features\firefox@getpocket.com.xpi
1462845056287	addons.xpi	DEBUG	Calling bootstrap method startup on firefox@getpocket.com version 1.0
1462845056292	addons.xpi	DEBUG	Registering manifest for C:\Program Files\Mozilla Firefox\browser\features\loop@mozilla.org.xpi
1462845056297	addons.xpi	DEBUG	Calling bootstrap method startup on loop@mozilla.org version 1.2.6
1462845056418	addons.xpi	DEBUG	Registering manifest for C:\Program Files\Mozilla Firefox\browser\extensions\{82AF8DCA-6DE9-405D-BD5E-43525BDAD38A}.xpi
1462845056421	addons.xpi	DEBUG	Calling bootstrap method startup on {82AF8DCA-6DE9-405D-BD5E-43525BDAD38A} version 8.1.0.9134
1462845056433	addons.manager	DEBUG	Registering shutdown blocker for XPIProvider
1462845056434	addons.manager	DEBUG	Provider finished startup: XPIProvider
1462845056436	addons.manager	DEBUG	Starting provider: LightweightThemeManager
1462845056436	addons.manager	DEBUG	Registering shutdown blocker for LightweightThemeManager
1462845056438	addons.manager	DEBUG	Provider finished startup: LightweightThemeManager
1462845056440	addons.manager	DEBUG	Starting provider: GMPProvider
1462845056545	addons.manager	DEBUG	Registering shutdown blocker for GMPProvider
1462845056546	addons.manager	DEBUG	Provider finished startup: GMPProvider
1462845056546	addons.manager	DEBUG	Starting provider: PluginProvider
1462845056547	addons.manager	DEBUG	Registering shutdown blocker for PluginProvider
1462845056548	addons.manager	DEBUG	Provider finished startup: PluginProvider
1462845056550	addons.manager	DEBUG	Completed startup sequence
1462845061133	addons.manager	DEBUG	Starting provider: <unnamed-provider>
1462845061133	addons.manager	DEBUG	Registering shutdown blocker for <unnamed-provider>
1462845061135	addons.manager	DEBUG	Provider finished startup: <unnamed-provider>
1462845063378	DeferredSave.extensions.json	DEBUG	Write succeeded
1462845063378	addons.xpi-utils	DEBUG	XPI Database saved, setting schema version preference to 17
1462845063378	DeferredSave.extensions.json	DEBUG	Starting timer
1462845063408	DeferredSave.extensions.json	DEBUG	Starting write
1462845063490	addons.repository	DEBUG	No addons.json found.
1462845063492	DeferredSave.addons.json	DEBUG	Save changes
1462845063505	DeferredSave.addons.json	DEBUG	Starting timer
1462845063680	addons.manager	DEBUG	Starting provider: PreviousExperimentProvider
1462845063680	addons.manager	DEBUG	Registering shutdown blocker for PreviousExperimentProvider
1462845063682	addons.manager	DEBUG	Provider finished startup: PreviousExperimentProvider
1462845063699	DeferredSave.addons.json	DEBUG	Starting write
1462845063744	DeferredSave.extensions.json	DEBUG	Write succeeded
1462845063892	DeferredSave.addons.json	DEBUG	Write succeeded

	at org.openqa.selenium.firefox.internal.NewProfileExtensionConnection.start(NewProfileExtensionConnection.java:122)
	... 32 more
]]>
    </error>
  </testcase> <!-- mTestaLoginNoSistemaPJEPerfilPublico -->
  <testcase name="mTestaLoginNoSistemaPJEPerfilSecretaria" time="0.005" classname="tjmg.pje.SuiteDeTestes.ClsTestaPaginaDeLoginPJE">
    <error type="org.openqa.selenium.WebDriverException" message="Failed to connect to binary FirefoxBinary(C:\Program Files\Mozilla Firefox\firefox.exe) on port 7056; process output follows: 
&quot;contributors&quot;:[&quot;Mozilla Contributors&quot;]},&quot;visible&quot;:true,&quot;active&quot;:true,&quot;userDisabled&quot;:false,&quot;appDisabled&quot;:false,&quot;descriptor&quot;:&quot;C:\\Program Files\\Mozilla Firefox\\browser\\extensions\\{972ce4c6-7e08-4474-a285-3208198ce6fd}.xpi&quot;,&quot;installDate&quot;:1462643634604,&quot;updateDate&quot;:1462643634604,&quot;applyBackgroundUpdates&quot;:1,&quot;skinnable&quot;:true,&quot;size&quot;:22012,&quot;sourceURI&quot;:null,&quot;releaseNotesURI&quot;:null,&quot;softDisabled&quot;:false,&quot;foreignInstall&quot;:false,&quot;hasBinaryComponents&quot;:false,&quot;strictCompatibility&quot;:true,&quot;locales&quot;:[],&quot;targetApplications&quot;:[{&quot;id&quot;:&quot;{ec8030f7-c20a-464f-9b0e-13a3a9e97384}&quot;,&quot;minVersion&quot;:&quot;46.0.1&quot;,&quot;maxVersion&quot;:&quot;46.0.1&quot;}],&quot;targetPlatforms&quot;:[],&quot;seen&quot;:true}
1462845056259	addons.xpi	DEBUG	getModTime: Recursive scan of {972ce4c6-7e08-4474-a285-3208198ce6fd}
1462845056264	DeferredSave.extensions.json	DEBUG	Save changes
1462845056265	addons.xpi	DEBUG	Updating database with changes to installed add-ons
1462845056265	addons.xpi-utils	DEBUG	Updating add-on states
1462845056268	addons.xpi-utils	DEBUG	Writing add-ons list
1462845056279	addons.xpi	DEBUG	Registering manifest for C:\Program Files\Mozilla Firefox\browser\features\e10srollout@mozilla.org.xpi
1462845056282	addons.xpi	DEBUG	Calling bootstrap method startup on e10srollout@mozilla.org version 1.0
1462845056283	addons.xpi	DEBUG	Registering manifest for C:\Program Files\Mozilla Firefox\browser\features\firefox@getpocket.com.xpi
1462845056287	addons.xpi	DEBUG	Calling bootstrap method startup on firefox@getpocket.com version 1.0
1462845056292	addons.xpi	DEBUG	Registering manifest for C:\Program Files\Mozilla Firefox\browser\features\loop@mozilla.org.xpi
1462845056297	addons.xpi	DEBUG	Calling bootstrap method startup on loop@mozilla.org version 1.2.6
1462845056418	addons.xpi	DEBUG	Registering manifest for C:\Program Files\Mozilla Firefox\browser\extensions\{82AF8DCA-6DE9-405D-BD5E-43525BDAD38A}.xpi
1462845056421	addons.xpi	DEBUG	Calling bootstrap method startup on {82AF8DCA-6DE9-405D-BD5E-43525BDAD38A} version 8.1.0.9134
1462845056433	addons.manager	DEBUG	Registering shutdown blocker for XPIProvider
1462845056434	addons.manager	DEBUG	Provider finished startup: XPIProvider
1462845056436	addons.manager	DEBUG	Starting provider: LightweightThemeManager
1462845056436	addons.manager	DEBUG	Registering shutdown blocker for LightweightThemeManager
1462845056438	addons.manager	DEBUG	Provider finished startup: LightweightThemeManager
1462845056440	addons.manager	DEBUG	Starting provider: GMPProvider
1462845056545	addons.manager	DEBUG	Registering shutdown blocker for GMPProvider
1462845056546	addons.manager	DEBUG	Provider finished startup: GMPProvider
1462845056546	addons.manager	DEBUG	Starting provider: PluginProvider
1462845056547	addons.manager	DEBUG	Registering shutdown blocker for PluginProvider
1462845056548	addons.manager	DEBUG	Provider finished startup: PluginProvider
1462845056550	addons.manager	DEBUG	Completed startup sequence
1462845061133	addons.manager	DEBUG	Starting provider: &lt;unnamed-provider&gt;
1462845061133	addons.manager	DEBUG	Registering shutdown blocker for &lt;unnamed-provider&gt;
1462845061135	addons.manager	DEBUG	Provider finished startup: &lt;unnamed-provider&gt;
1462845063378	DeferredSave.extensions.json	DEBUG	Write succeeded
1462845063378	addons.xpi-utils	DEBUG	XPI Database saved, setting schema version preference to 17
1462845063378	DeferredSave.extensions.json	DEBUG	Starting timer
1462845063408	DeferredSave.extensions.json	DEBUG	Starting write
1462845063490	addons.repository	DEBUG	No addons.json found.
1462845063492	DeferredSave.addons.json	DEBUG	Save changes
1462845063505	DeferredSave.addons.json	DEBUG	Starting timer
1462845063680	addons.manager	DEBUG	Starting provider: PreviousExperimentProvider
1462845063680	addons.manager	DEBUG	Registering shutdown blocker for PreviousExperimentProvider
1462845063682	addons.manager	DEBUG	Provider finished startup: PreviousExperimentProvider
1462845063699	DeferredSave.addons.json	DEBUG	Starting write
1462845063744	DeferredSave.extensions.json	DEBUG	Write succeeded
1462845063892	DeferredSave.addons.json	DEBUG	Write succeeded

Build info: version: &#039;2.50.1&#039;, revision: &#039;d7fc91b&#039;, time: &#039;2016-01-29 19:08:26&#039;
System info: host: &#039;NBWenderson&#039;, ip: &#039;169.254.122.63&#039;, os.name: &#039;Windows 7&#039;, os.arch: &#039;x86&#039;, os.version: &#039;6.1&#039;, java.version: &#039;1.8.0_91&#039;
Driver info: driver.version: FirefoxDriver">
      <![CDATA[org.openqa.selenium.WebDriverException: Failed to connect to binary FirefoxBinary(C:\Program Files\Mozilla Firefox\firefox.exe) on port 7056; process output follows: 
"contributors":["Mozilla Contributors"]},"visible":true,"active":true,"userDisabled":false,"appDisabled":false,"descriptor":"C:\\Program Files\\Mozilla Firefox\\browser\\extensions\\{972ce4c6-7e08-4474-a285-3208198ce6fd}.xpi","installDate":1462643634604,"updateDate":1462643634604,"applyBackgroundUpdates":1,"skinnable":true,"size":22012,"sourceURI":null,"releaseNotesURI":null,"softDisabled":false,"foreignInstall":false,"hasBinaryComponents":false,"strictCompatibility":true,"locales":[],"targetApplications":[{"id":"{ec8030f7-c20a-464f-9b0e-13a3a9e97384}","minVersion":"46.0.1","maxVersion":"46.0.1"}],"targetPlatforms":[],"seen":true}
1462845056259	addons.xpi	DEBUG	getModTime: Recursive scan of {972ce4c6-7e08-4474-a285-3208198ce6fd}
1462845056264	DeferredSave.extensions.json	DEBUG	Save changes
1462845056265	addons.xpi	DEBUG	Updating database with changes to installed add-ons
1462845056265	addons.xpi-utils	DEBUG	Updating add-on states
1462845056268	addons.xpi-utils	DEBUG	Writing add-ons list
1462845056279	addons.xpi	DEBUG	Registering manifest for C:\Program Files\Mozilla Firefox\browser\features\e10srollout@mozilla.org.xpi
1462845056282	addons.xpi	DEBUG	Calling bootstrap method startup on e10srollout@mozilla.org version 1.0
1462845056283	addons.xpi	DEBUG	Registering manifest for C:\Program Files\Mozilla Firefox\browser\features\firefox@getpocket.com.xpi
1462845056287	addons.xpi	DEBUG	Calling bootstrap method startup on firefox@getpocket.com version 1.0
1462845056292	addons.xpi	DEBUG	Registering manifest for C:\Program Files\Mozilla Firefox\browser\features\loop@mozilla.org.xpi
1462845056297	addons.xpi	DEBUG	Calling bootstrap method startup on loop@mozilla.org version 1.2.6
1462845056418	addons.xpi	DEBUG	Registering manifest for C:\Program Files\Mozilla Firefox\browser\extensions\{82AF8DCA-6DE9-405D-BD5E-43525BDAD38A}.xpi
1462845056421	addons.xpi	DEBUG	Calling bootstrap method startup on {82AF8DCA-6DE9-405D-BD5E-43525BDAD38A} version 8.1.0.9134
1462845056433	addons.manager	DEBUG	Registering shutdown blocker for XPIProvider
1462845056434	addons.manager	DEBUG	Provider finished startup: XPIProvider
1462845056436	addons.manager	DEBUG	Starting provider: LightweightThemeManager
1462845056436	addons.manager	DEBUG	Registering shutdown blocker for LightweightThemeManager
1462845056438	addons.manager	DEBUG	Provider finished startup: LightweightThemeManager
1462845056440	addons.manager	DEBUG	Starting provider: GMPProvider
1462845056545	addons.manager	DEBUG	Registering shutdown blocker for GMPProvider
1462845056546	addons.manager	DEBUG	Provider finished startup: GMPProvider
1462845056546	addons.manager	DEBUG	Starting provider: PluginProvider
1462845056547	addons.manager	DEBUG	Registering shutdown blocker for PluginProvider
1462845056548	addons.manager	DEBUG	Provider finished startup: PluginProvider
1462845056550	addons.manager	DEBUG	Completed startup sequence
1462845061133	addons.manager	DEBUG	Starting provider: <unnamed-provider>
1462845061133	addons.manager	DEBUG	Registering shutdown blocker for <unnamed-provider>
1462845061135	addons.manager	DEBUG	Provider finished startup: <unnamed-provider>
1462845063378	DeferredSave.extensions.json	DEBUG	Write succeeded
1462845063378	addons.xpi-utils	DEBUG	XPI Database saved, setting schema version preference to 17
1462845063378	DeferredSave.extensions.json	DEBUG	Starting timer
1462845063408	DeferredSave.extensions.json	DEBUG	Starting write
1462845063490	addons.repository	DEBUG	No addons.json found.
1462845063492	DeferredSave.addons.json	DEBUG	Save changes
1462845063505	DeferredSave.addons.json	DEBUG	Starting timer
1462845063680	addons.manager	DEBUG	Starting provider: PreviousExperimentProvider
1462845063680	addons.manager	DEBUG	Registering shutdown blocker for PreviousExperimentProvider
1462845063682	addons.manager	DEBUG	Provider finished startup: PreviousExperimentProvider
1462845063699	DeferredSave.addons.json	DEBUG	Starting write
1462845063744	DeferredSave.extensions.json	DEBUG	Write succeeded
1462845063892	DeferredSave.addons.json	DEBUG	Write succeeded

Build info: version: '2.50.1', revision: 'd7fc91b', time: '2016-01-29 19:08:26'
System info: host: 'NBWenderson', ip: '169.254.122.63', os.name: 'Windows 7', os.arch: 'x86', os.version: '6.1', java.version: '1.8.0_91'
Driver info: driver.version: FirefoxDriver
	at org.openqa.selenium.firefox.internal.NewProfileExtensionConnection.start(NewProfileExtensionConnection.java:134)
	at org.openqa.selenium.firefox.FirefoxDriver.startClient(FirefoxDriver.java:271)
	at org.openqa.selenium.remote.RemoteWebDriver.<init>(RemoteWebDriver.java:119)
	at org.openqa.selenium.firefox.FirefoxDriver.<init>(FirefoxDriver.java:218)
	at org.openqa.selenium.firefox.FirefoxDriver.<init>(FirefoxDriver.java:211)
	at org.openqa.selenium.firefox.FirefoxDriver.<init>(FirefoxDriver.java:207)
	at org.openqa.selenium.firefox.FirefoxDriver.<init>(FirefoxDriver.java:120)
	at tjmg.pje.SuiteDeTestes.ClsTestaPaginaDeLoginPJE.inicializarDriver(ClsTestaPaginaDeLoginPJE.java:61)
	at sun.reflect.NativeMethodAccessorImpl.invoke0(Native Method)
	at sun.reflect.NativeMethodAccessorImpl.invoke(Unknown Source)
	at sun.reflect.DelegatingMethodAccessorImpl.invoke(Unknown Source)
	at java.lang.reflect.Method.invoke(Unknown Source)
	at org.testng.internal.MethodInvocationHelper.invokeMethod(MethodInvocationHelper.java:86)
	at org.testng.internal.Invoker.invokeConfigurationMethod(Invoker.java:515)
	at org.testng.internal.Invoker.invokeConfigurations(Invoker.java:216)
	at org.testng.internal.Invoker.invokeConfigurations(Invoker.java:143)
	at org.testng.internal.TestMethodWorker.invokeBeforeClassMethods(TestMethodWorker.java:178)
	at org.testng.internal.TestMethodWorker.run(TestMethodWorker.java:108)
	at org.testng.TestRunner.privateRun(TestRunner.java:778)
	at org.testng.TestRunner.run(TestRunner.java:632)
	at org.testng.SuiteRunner.runTest(SuiteRunner.java:366)
	at org.testng.SuiteRunner.runSequentially(SuiteRunner.java:361)
	at org.testng.SuiteRunner.privateRun(SuiteRunner.java:319)
	at org.testng.SuiteRunner.run(SuiteRunner.java:268)
	at org.testng.SuiteRunnerWorker.runSuite(SuiteRunnerWorker.java:52)
	at org.testng.SuiteRunnerWorker.run(SuiteRunnerWorker.java:86)
	at org.testng.TestNG.runSuitesSequentially(TestNG.java:1225)
	at org.testng.TestNG.runSuitesLocally(TestNG.java:1150)
	at org.testng.TestNG.runSuites(TestNG.java:1075)
	at org.testng.TestNG.run(TestNG.java:1047)
	at org.testng.remote.AbstractRemoteTestNG.run(AbstractRemoteTestNG.java:126)
	at org.testng.remote.RemoteTestNG.initAndRun(RemoteTestNG.java:137)
	at org.testng.remote.RemoteTestNG.main(RemoteTestNG.java:58)
Caused by: org.openqa.selenium.firefox.NotConnectedException: Unable to connect to host 127.0.0.1 on port 7056 after 45000 ms. Firefox console output:
"contributors":["Mozilla Contributors"]},"visible":true,"active":true,"userDisabled":false,"appDisabled":false,"descriptor":"C:\\Program Files\\Mozilla Firefox\\browser\\extensions\\{972ce4c6-7e08-4474-a285-3208198ce6fd}.xpi","installDate":1462643634604,"updateDate":1462643634604,"applyBackgroundUpdates":1,"skinnable":true,"size":22012,"sourceURI":null,"releaseNotesURI":null,"softDisabled":false,"foreignInstall":false,"hasBinaryComponents":false,"strictCompatibility":true,"locales":[],"targetApplications":[{"id":"{ec8030f7-c20a-464f-9b0e-13a3a9e97384}","minVersion":"46.0.1","maxVersion":"46.0.1"}],"targetPlatforms":[],"seen":true}
1462845056259	addons.xpi	DEBUG	getModTime: Recursive scan of {972ce4c6-7e08-4474-a285-3208198ce6fd}
1462845056264	DeferredSave.extensions.json	DEBUG	Save changes
1462845056265	addons.xpi	DEBUG	Updating database with changes to installed add-ons
1462845056265	addons.xpi-utils	DEBUG	Updating add-on states
1462845056268	addons.xpi-utils	DEBUG	Writing add-ons list
1462845056279	addons.xpi	DEBUG	Registering manifest for C:\Program Files\Mozilla Firefox\browser\features\e10srollout@mozilla.org.xpi
1462845056282	addons.xpi	DEBUG	Calling bootstrap method startup on e10srollout@mozilla.org version 1.0
1462845056283	addons.xpi	DEBUG	Registering manifest for C:\Program Files\Mozilla Firefox\browser\features\firefox@getpocket.com.xpi
1462845056287	addons.xpi	DEBUG	Calling bootstrap method startup on firefox@getpocket.com version 1.0
1462845056292	addons.xpi	DEBUG	Registering manifest for C:\Program Files\Mozilla Firefox\browser\features\loop@mozilla.org.xpi
1462845056297	addons.xpi	DEBUG	Calling bootstrap method startup on loop@mozilla.org version 1.2.6
1462845056418	addons.xpi	DEBUG	Registering manifest for C:\Program Files\Mozilla Firefox\browser\extensions\{82AF8DCA-6DE9-405D-BD5E-43525BDAD38A}.xpi
1462845056421	addons.xpi	DEBUG	Calling bootstrap method startup on {82AF8DCA-6DE9-405D-BD5E-43525BDAD38A} version 8.1.0.9134
1462845056433	addons.manager	DEBUG	Registering shutdown blocker for XPIProvider
1462845056434	addons.manager	DEBUG	Provider finished startup: XPIProvider
1462845056436	addons.manager	DEBUG	Starting provider: LightweightThemeManager
1462845056436	addons.manager	DEBUG	Registering shutdown blocker for LightweightThemeManager
1462845056438	addons.manager	DEBUG	Provider finished startup: LightweightThemeManager
1462845056440	addons.manager	DEBUG	Starting provider: GMPProvider
1462845056545	addons.manager	DEBUG	Registering shutdown blocker for GMPProvider
1462845056546	addons.manager	DEBUG	Provider finished startup: GMPProvider
1462845056546	addons.manager	DEBUG	Starting provider: PluginProvider
1462845056547	addons.manager	DEBUG	Registering shutdown blocker for PluginProvider
1462845056548	addons.manager	DEBUG	Provider finished startup: PluginProvider
1462845056550	addons.manager	DEBUG	Completed startup sequence
1462845061133	addons.manager	DEBUG	Starting provider: <unnamed-provider>
1462845061133	addons.manager	DEBUG	Registering shutdown blocker for <unnamed-provider>
1462845061135	addons.manager	DEBUG	Provider finished startup: <unnamed-provider>
1462845063378	DeferredSave.extensions.json	DEBUG	Write succeeded
1462845063378	addons.xpi-utils	DEBUG	XPI Database saved, setting schema version preference to 17
1462845063378	DeferredSave.extensions.json	DEBUG	Starting timer
1462845063408	DeferredSave.extensions.json	DEBUG	Starting write
1462845063490	addons.repository	DEBUG	No addons.json found.
1462845063492	DeferredSave.addons.json	DEBUG	Save changes
1462845063505	DeferredSave.addons.json	DEBUG	Starting timer
1462845063680	addons.manager	DEBUG	Starting provider: PreviousExperimentProvider
1462845063680	addons.manager	DEBUG	Registering shutdown blocker for PreviousExperimentProvider
1462845063682	addons.manager	DEBUG	Provider finished startup: PreviousExperimentProvider
1462845063699	DeferredSave.addons.json	DEBUG	Starting write
1462845063744	DeferredSave.extensions.json	DEBUG	Write succeeded
1462845063892	DeferredSave.addons.json	DEBUG	Write succeeded

	at org.openqa.selenium.firefox.internal.NewProfileExtensionConnection.start(NewProfileExtensionConnection.java:122)
	... 32 more
]]>
    </error>
  </testcase> <!-- mTestaLoginNoSistemaPJEPerfilSecretaria -->
  <testcase name="mTestaLoginNoSistemaPJEPerfilAdvogado" time="0.003" classname="tjmg.pje.SuiteDeTestes.ClsTestaPaginaDeLoginPJE">
    <error type="org.openqa.selenium.WebDriverException" message="Failed to connect to binary FirefoxBinary(C:\Program Files\Mozilla Firefox\firefox.exe) on port 7056; process output follows: 
&quot;contributors&quot;:[&quot;Mozilla Contributors&quot;]},&quot;visible&quot;:true,&quot;active&quot;:true,&quot;userDisabled&quot;:false,&quot;appDisabled&quot;:false,&quot;descriptor&quot;:&quot;C:\\Program Files\\Mozilla Firefox\\browser\\extensions\\{972ce4c6-7e08-4474-a285-3208198ce6fd}.xpi&quot;,&quot;installDate&quot;:1462643634604,&quot;updateDate&quot;:1462643634604,&quot;applyBackgroundUpdates&quot;:1,&quot;skinnable&quot;:true,&quot;size&quot;:22012,&quot;sourceURI&quot;:null,&quot;releaseNotesURI&quot;:null,&quot;softDisabled&quot;:false,&quot;foreignInstall&quot;:false,&quot;hasBinaryComponents&quot;:false,&quot;strictCompatibility&quot;:true,&quot;locales&quot;:[],&quot;targetApplications&quot;:[{&quot;id&quot;:&quot;{ec8030f7-c20a-464f-9b0e-13a3a9e97384}&quot;,&quot;minVersion&quot;:&quot;46.0.1&quot;,&quot;maxVersion&quot;:&quot;46.0.1&quot;}],&quot;targetPlatforms&quot;:[],&quot;seen&quot;:true}
1462845056259	addons.xpi	DEBUG	getModTime: Recursive scan of {972ce4c6-7e08-4474-a285-3208198ce6fd}
1462845056264	DeferredSave.extensions.json	DEBUG	Save changes
1462845056265	addons.xpi	DEBUG	Updating database with changes to installed add-ons
1462845056265	addons.xpi-utils	DEBUG	Updating add-on states
1462845056268	addons.xpi-utils	DEBUG	Writing add-ons list
1462845056279	addons.xpi	DEBUG	Registering manifest for C:\Program Files\Mozilla Firefox\browser\features\e10srollout@mozilla.org.xpi
1462845056282	addons.xpi	DEBUG	Calling bootstrap method startup on e10srollout@mozilla.org version 1.0
1462845056283	addons.xpi	DEBUG	Registering manifest for C:\Program Files\Mozilla Firefox\browser\features\firefox@getpocket.com.xpi
1462845056287	addons.xpi	DEBUG	Calling bootstrap method startup on firefox@getpocket.com version 1.0
1462845056292	addons.xpi	DEBUG	Registering manifest for C:\Program Files\Mozilla Firefox\browser\features\loop@mozilla.org.xpi
1462845056297	addons.xpi	DEBUG	Calling bootstrap method startup on loop@mozilla.org version 1.2.6
1462845056418	addons.xpi	DEBUG	Registering manifest for C:\Program Files\Mozilla Firefox\browser\extensions\{82AF8DCA-6DE9-405D-BD5E-43525BDAD38A}.xpi
1462845056421	addons.xpi	DEBUG	Calling bootstrap method startup on {82AF8DCA-6DE9-405D-BD5E-43525BDAD38A} version 8.1.0.9134
1462845056433	addons.manager	DEBUG	Registering shutdown blocker for XPIProvider
1462845056434	addons.manager	DEBUG	Provider finished startup: XPIProvider
1462845056436	addons.manager	DEBUG	Starting provider: LightweightThemeManager
1462845056436	addons.manager	DEBUG	Registering shutdown blocker for LightweightThemeManager
1462845056438	addons.manager	DEBUG	Provider finished startup: LightweightThemeManager
1462845056440	addons.manager	DEBUG	Starting provider: GMPProvider
1462845056545	addons.manager	DEBUG	Registering shutdown blocker for GMPProvider
1462845056546	addons.manager	DEBUG	Provider finished startup: GMPProvider
1462845056546	addons.manager	DEBUG	Starting provider: PluginProvider
1462845056547	addons.manager	DEBUG	Registering shutdown blocker for PluginProvider
1462845056548	addons.manager	DEBUG	Provider finished startup: PluginProvider
1462845056550	addons.manager	DEBUG	Completed startup sequence
1462845061133	addons.manager	DEBUG	Starting provider: &lt;unnamed-provider&gt;
1462845061133	addons.manager	DEBUG	Registering shutdown blocker for &lt;unnamed-provider&gt;
1462845061135	addons.manager	DEBUG	Provider finished startup: &lt;unnamed-provider&gt;
1462845063378	DeferredSave.extensions.json	DEBUG	Write succeeded
1462845063378	addons.xpi-utils	DEBUG	XPI Database saved, setting schema version preference to 17
1462845063378	DeferredSave.extensions.json	DEBUG	Starting timer
1462845063408	DeferredSave.extensions.json	DEBUG	Starting write
1462845063490	addons.repository	DEBUG	No addons.json found.
1462845063492	DeferredSave.addons.json	DEBUG	Save changes
1462845063505	DeferredSave.addons.json	DEBUG	Starting timer
1462845063680	addons.manager	DEBUG	Starting provider: PreviousExperimentProvider
1462845063680	addons.manager	DEBUG	Registering shutdown blocker for PreviousExperimentProvider
1462845063682	addons.manager	DEBUG	Provider finished startup: PreviousExperimentProvider
1462845063699	DeferredSave.addons.json	DEBUG	Starting write
1462845063744	DeferredSave.extensions.json	DEBUG	Write succeeded
1462845063892	DeferredSave.addons.json	DEBUG	Write succeeded

Build info: version: &#039;2.50.1&#039;, revision: &#039;d7fc91b&#039;, time: &#039;2016-01-29 19:08:26&#039;
System info: host: &#039;NBWenderson&#039;, ip: &#039;169.254.122.63&#039;, os.name: &#039;Windows 7&#039;, os.arch: &#039;x86&#039;, os.version: &#039;6.1&#039;, java.version: &#039;1.8.0_91&#039;
Driver info: driver.version: FirefoxDriver">
      <![CDATA[org.openqa.selenium.WebDriverException: Failed to connect to binary FirefoxBinary(C:\Program Files\Mozilla Firefox\firefox.exe) on port 7056; process output follows: 
"contributors":["Mozilla Contributors"]},"visible":true,"active":true,"userDisabled":false,"appDisabled":false,"descriptor":"C:\\Program Files\\Mozilla Firefox\\browser\\extensions\\{972ce4c6-7e08-4474-a285-3208198ce6fd}.xpi","installDate":1462643634604,"updateDate":1462643634604,"applyBackgroundUpdates":1,"skinnable":true,"size":22012,"sourceURI":null,"releaseNotesURI":null,"softDisabled":false,"foreignInstall":false,"hasBinaryComponents":false,"strictCompatibility":true,"locales":[],"targetApplications":[{"id":"{ec8030f7-c20a-464f-9b0e-13a3a9e97384}","minVersion":"46.0.1","maxVersion":"46.0.1"}],"targetPlatforms":[],"seen":true}
1462845056259	addons.xpi	DEBUG	getModTime: Recursive scan of {972ce4c6-7e08-4474-a285-3208198ce6fd}
1462845056264	DeferredSave.extensions.json	DEBUG	Save changes
1462845056265	addons.xpi	DEBUG	Updating database with changes to installed add-ons
1462845056265	addons.xpi-utils	DEBUG	Updating add-on states
1462845056268	addons.xpi-utils	DEBUG	Writing add-ons list
1462845056279	addons.xpi	DEBUG	Registering manifest for C:\Program Files\Mozilla Firefox\browser\features\e10srollout@mozilla.org.xpi
1462845056282	addons.xpi	DEBUG	Calling bootstrap method startup on e10srollout@mozilla.org version 1.0
1462845056283	addons.xpi	DEBUG	Registering manifest for C:\Program Files\Mozilla Firefox\browser\features\firefox@getpocket.com.xpi
1462845056287	addons.xpi	DEBUG	Calling bootstrap method startup on firefox@getpocket.com version 1.0
1462845056292	addons.xpi	DEBUG	Registering manifest for C:\Program Files\Mozilla Firefox\browser\features\loop@mozilla.org.xpi
1462845056297	addons.xpi	DEBUG	Calling bootstrap method startup on loop@mozilla.org version 1.2.6
1462845056418	addons.xpi	DEBUG	Registering manifest for C:\Program Files\Mozilla Firefox\browser\extensions\{82AF8DCA-6DE9-405D-BD5E-43525BDAD38A}.xpi
1462845056421	addons.xpi	DEBUG	Calling bootstrap method startup on {82AF8DCA-6DE9-405D-BD5E-43525BDAD38A} version 8.1.0.9134
1462845056433	addons.manager	DEBUG	Registering shutdown blocker for XPIProvider
1462845056434	addons.manager	DEBUG	Provider finished startup: XPIProvider
1462845056436	addons.manager	DEBUG	Starting provider: LightweightThemeManager
1462845056436	addons.manager	DEBUG	Registering shutdown blocker for LightweightThemeManager
1462845056438	addons.manager	DEBUG	Provider finished startup: LightweightThemeManager
1462845056440	addons.manager	DEBUG	Starting provider: GMPProvider
1462845056545	addons.manager	DEBUG	Registering shutdown blocker for GMPProvider
1462845056546	addons.manager	DEBUG	Provider finished startup: GMPProvider
1462845056546	addons.manager	DEBUG	Starting provider: PluginProvider
1462845056547	addons.manager	DEBUG	Registering shutdown blocker for PluginProvider
1462845056548	addons.manager	DEBUG	Provider finished startup: PluginProvider
1462845056550	addons.manager	DEBUG	Completed startup sequence
1462845061133	addons.manager	DEBUG	Starting provider: <unnamed-provider>
1462845061133	addons.manager	DEBUG	Registering shutdown blocker for <unnamed-provider>
1462845061135	addons.manager	DEBUG	Provider finished startup: <unnamed-provider>
1462845063378	DeferredSave.extensions.json	DEBUG	Write succeeded
1462845063378	addons.xpi-utils	DEBUG	XPI Database saved, setting schema version preference to 17
1462845063378	DeferredSave.extensions.json	DEBUG	Starting timer
1462845063408	DeferredSave.extensions.json	DEBUG	Starting write
1462845063490	addons.repository	DEBUG	No addons.json found.
1462845063492	DeferredSave.addons.json	DEBUG	Save changes
1462845063505	DeferredSave.addons.json	DEBUG	Starting timer
1462845063680	addons.manager	DEBUG	Starting provider: PreviousExperimentProvider
1462845063680	addons.manager	DEBUG	Registering shutdown blocker for PreviousExperimentProvider
1462845063682	addons.manager	DEBUG	Provider finished startup: PreviousExperimentProvider
1462845063699	DeferredSave.addons.json	DEBUG	Starting write
1462845063744	DeferredSave.extensions.json	DEBUG	Write succeeded
1462845063892	DeferredSave.addons.json	DEBUG	Write succeeded

Build info: version: '2.50.1', revision: 'd7fc91b', time: '2016-01-29 19:08:26'
System info: host: 'NBWenderson', ip: '169.254.122.63', os.name: 'Windows 7', os.arch: 'x86', os.version: '6.1', java.version: '1.8.0_91'
Driver info: driver.version: FirefoxDriver
	at org.openqa.selenium.firefox.internal.NewProfileExtensionConnection.start(NewProfileExtensionConnection.java:134)
	at org.openqa.selenium.firefox.FirefoxDriver.startClient(FirefoxDriver.java:271)
	at org.openqa.selenium.remote.RemoteWebDriver.<init>(RemoteWebDriver.java:119)
	at org.openqa.selenium.firefox.FirefoxDriver.<init>(FirefoxDriver.java:218)
	at org.openqa.selenium.firefox.FirefoxDriver.<init>(FirefoxDriver.java:211)
	at org.openqa.selenium.firefox.FirefoxDriver.<init>(FirefoxDriver.java:207)
	at org.openqa.selenium.firefox.FirefoxDriver.<init>(FirefoxDriver.java:120)
	at tjmg.pje.SuiteDeTestes.ClsTestaPaginaDeLoginPJE.inicializarDriver(ClsTestaPaginaDeLoginPJE.java:61)
	at sun.reflect.NativeMethodAccessorImpl.invoke0(Native Method)
	at sun.reflect.NativeMethodAccessorImpl.invoke(Unknown Source)
	at sun.reflect.DelegatingMethodAccessorImpl.invoke(Unknown Source)
	at java.lang.reflect.Method.invoke(Unknown Source)
	at org.testng.internal.MethodInvocationHelper.invokeMethod(MethodInvocationHelper.java:86)
	at org.testng.internal.Invoker.invokeConfigurationMethod(Invoker.java:515)
	at org.testng.internal.Invoker.invokeConfigurations(Invoker.java:216)
	at org.testng.internal.Invoker.invokeConfigurations(Invoker.java:143)
	at org.testng.internal.TestMethodWorker.invokeBeforeClassMethods(TestMethodWorker.java:178)
	at org.testng.internal.TestMethodWorker.run(TestMethodWorker.java:108)
	at org.testng.TestRunner.privateRun(TestRunner.java:778)
	at org.testng.TestRunner.run(TestRunner.java:632)
	at org.testng.SuiteRunner.runTest(SuiteRunner.java:366)
	at org.testng.SuiteRunner.runSequentially(SuiteRunner.java:361)
	at org.testng.SuiteRunner.privateRun(SuiteRunner.java:319)
	at org.testng.SuiteRunner.run(SuiteRunner.java:268)
	at org.testng.SuiteRunnerWorker.runSuite(SuiteRunnerWorker.java:52)
	at org.testng.SuiteRunnerWorker.run(SuiteRunnerWorker.java:86)
	at org.testng.TestNG.runSuitesSequentially(TestNG.java:1225)
	at org.testng.TestNG.runSuitesLocally(TestNG.java:1150)
	at org.testng.TestNG.runSuites(TestNG.java:1075)
	at org.testng.TestNG.run(TestNG.java:1047)
	at org.testng.remote.AbstractRemoteTestNG.run(AbstractRemoteTestNG.java:126)
	at org.testng.remote.RemoteTestNG.initAndRun(RemoteTestNG.java:137)
	at org.testng.remote.RemoteTestNG.main(RemoteTestNG.java:58)
Caused by: org.openqa.selenium.firefox.NotConnectedException: Unable to connect to host 127.0.0.1 on port 7056 after 45000 ms. Firefox console output:
"contributors":["Mozilla Contributors"]},"visible":true,"active":true,"userDisabled":false,"appDisabled":false,"descriptor":"C:\\Program Files\\Mozilla Firefox\\browser\\extensions\\{972ce4c6-7e08-4474-a285-3208198ce6fd}.xpi","installDate":1462643634604,"updateDate":1462643634604,"applyBackgroundUpdates":1,"skinnable":true,"size":22012,"sourceURI":null,"releaseNotesURI":null,"softDisabled":false,"foreignInstall":false,"hasBinaryComponents":false,"strictCompatibility":true,"locales":[],"targetApplications":[{"id":"{ec8030f7-c20a-464f-9b0e-13a3a9e97384}","minVersion":"46.0.1","maxVersion":"46.0.1"}],"targetPlatforms":[],"seen":true}
1462845056259	addons.xpi	DEBUG	getModTime: Recursive scan of {972ce4c6-7e08-4474-a285-3208198ce6fd}
1462845056264	DeferredSave.extensions.json	DEBUG	Save changes
1462845056265	addons.xpi	DEBUG	Updating database with changes to installed add-ons
1462845056265	addons.xpi-utils	DEBUG	Updating add-on states
1462845056268	addons.xpi-utils	DEBUG	Writing add-ons list
1462845056279	addons.xpi	DEBUG	Registering manifest for C:\Program Files\Mozilla Firefox\browser\features\e10srollout@mozilla.org.xpi
1462845056282	addons.xpi	DEBUG	Calling bootstrap method startup on e10srollout@mozilla.org version 1.0
1462845056283	addons.xpi	DEBUG	Registering manifest for C:\Program Files\Mozilla Firefox\browser\features\firefox@getpocket.com.xpi
1462845056287	addons.xpi	DEBUG	Calling bootstrap method startup on firefox@getpocket.com version 1.0
1462845056292	addons.xpi	DEBUG	Registering manifest for C:\Program Files\Mozilla Firefox\browser\features\loop@mozilla.org.xpi
1462845056297	addons.xpi	DEBUG	Calling bootstrap method startup on loop@mozilla.org version 1.2.6
1462845056418	addons.xpi	DEBUG	Registering manifest for C:\Program Files\Mozilla Firefox\browser\extensions\{82AF8DCA-6DE9-405D-BD5E-43525BDAD38A}.xpi
1462845056421	addons.xpi	DEBUG	Calling bootstrap method startup on {82AF8DCA-6DE9-405D-BD5E-43525BDAD38A} version 8.1.0.9134
1462845056433	addons.manager	DEBUG	Registering shutdown blocker for XPIProvider
1462845056434	addons.manager	DEBUG	Provider finished startup: XPIProvider
1462845056436	addons.manager	DEBUG	Starting provider: LightweightThemeManager
1462845056436	addons.manager	DEBUG	Registering shutdown blocker for LightweightThemeManager
1462845056438	addons.manager	DEBUG	Provider finished startup: LightweightThemeManager
1462845056440	addons.manager	DEBUG	Starting provider: GMPProvider
1462845056545	addons.manager	DEBUG	Registering shutdown blocker for GMPProvider
1462845056546	addons.manager	DEBUG	Provider finished startup: GMPProvider
1462845056546	addons.manager	DEBUG	Starting provider: PluginProvider
1462845056547	addons.manager	DEBUG	Registering shutdown blocker for PluginProvider
1462845056548	addons.manager	DEBUG	Provider finished startup: PluginProvider
1462845056550	addons.manager	DEBUG	Completed startup sequence
1462845061133	addons.manager	DEBUG	Starting provider: <unnamed-provider>
1462845061133	addons.manager	DEBUG	Registering shutdown blocker for <unnamed-provider>
1462845061135	addons.manager	DEBUG	Provider finished startup: <unnamed-provider>
1462845063378	DeferredSave.extensions.json	DEBUG	Write succeeded
1462845063378	addons.xpi-utils	DEBUG	XPI Database saved, setting schema version preference to 17
1462845063378	DeferredSave.extensions.json	DEBUG	Starting timer
1462845063408	DeferredSave.extensions.json	DEBUG	Starting write
1462845063490	addons.repository	DEBUG	No addons.json found.
1462845063492	DeferredSave.addons.json	DEBUG	Save changes
1462845063505	DeferredSave.addons.json	DEBUG	Starting timer
1462845063680	addons.manager	DEBUG	Starting provider: PreviousExperimentProvider
1462845063680	addons.manager	DEBUG	Registering shutdown blocker for PreviousExperimentProvider
1462845063682	addons.manager	DEBUG	Provider finished startup: PreviousExperimentProvider
1462845063699	DeferredSave.addons.json	DEBUG	Starting write
1462845063744	DeferredSave.extensions.json	DEBUG	Write succeeded
1462845063892	DeferredSave.addons.json	DEBUG	Write succeeded

	at org.openqa.selenium.firefox.internal.NewProfileExtensionConnection.start(NewProfileExtensionConnection.java:122)
	... 32 more
]]>
    </error>
  </testcase> <!-- mTestaLoginNoSistemaPJEPerfilAdvogado -->
  <testcase name="mTestaLoginNoSistemaPJEPerfilMagistrado" time="0.010" classname="tjmg.pje.SuiteDeTestes.ClsTestaPaginaDeLoginPJE">
    <error type="org.openqa.selenium.WebDriverException" message="Failed to connect to binary FirefoxBinary(C:\Program Files\Mozilla Firefox\firefox.exe) on port 7056; process output follows: 
&quot;contributors&quot;:[&quot;Mozilla Contributors&quot;]},&quot;visible&quot;:true,&quot;active&quot;:true,&quot;userDisabled&quot;:false,&quot;appDisabled&quot;:false,&quot;descriptor&quot;:&quot;C:\\Program Files\\Mozilla Firefox\\browser\\extensions\\{972ce4c6-7e08-4474-a285-3208198ce6fd}.xpi&quot;,&quot;installDate&quot;:1462643634604,&quot;updateDate&quot;:1462643634604,&quot;applyBackgroundUpdates&quot;:1,&quot;skinnable&quot;:true,&quot;size&quot;:22012,&quot;sourceURI&quot;:null,&quot;releaseNotesURI&quot;:null,&quot;softDisabled&quot;:false,&quot;foreignInstall&quot;:false,&quot;hasBinaryComponents&quot;:false,&quot;strictCompatibility&quot;:true,&quot;locales&quot;:[],&quot;targetApplications&quot;:[{&quot;id&quot;:&quot;{ec8030f7-c20a-464f-9b0e-13a3a9e97384}&quot;,&quot;minVersion&quot;:&quot;46.0.1&quot;,&quot;maxVersion&quot;:&quot;46.0.1&quot;}],&quot;targetPlatforms&quot;:[],&quot;seen&quot;:true}
1462845056259	addons.xpi	DEBUG	getModTime: Recursive scan of {972ce4c6-7e08-4474-a285-3208198ce6fd}
1462845056264	DeferredSave.extensions.json	DEBUG	Save changes
1462845056265	addons.xpi	DEBUG	Updating database with changes to installed add-ons
1462845056265	addons.xpi-utils	DEBUG	Updating add-on states
1462845056268	addons.xpi-utils	DEBUG	Writing add-ons list
1462845056279	addons.xpi	DEBUG	Registering manifest for C:\Program Files\Mozilla Firefox\browser\features\e10srollout@mozilla.org.xpi
1462845056282	addons.xpi	DEBUG	Calling bootstrap method startup on e10srollout@mozilla.org version 1.0
1462845056283	addons.xpi	DEBUG	Registering manifest for C:\Program Files\Mozilla Firefox\browser\features\firefox@getpocket.com.xpi
1462845056287	addons.xpi	DEBUG	Calling bootstrap method startup on firefox@getpocket.com version 1.0
1462845056292	addons.xpi	DEBUG	Registering manifest for C:\Program Files\Mozilla Firefox\browser\features\loop@mozilla.org.xpi
1462845056297	addons.xpi	DEBUG	Calling bootstrap method startup on loop@mozilla.org version 1.2.6
1462845056418	addons.xpi	DEBUG	Registering manifest for C:\Program Files\Mozilla Firefox\browser\extensions\{82AF8DCA-6DE9-405D-BD5E-43525BDAD38A}.xpi
1462845056421	addons.xpi	DEBUG	Calling bootstrap method startup on {82AF8DCA-6DE9-405D-BD5E-43525BDAD38A} version 8.1.0.9134
1462845056433	addons.manager	DEBUG	Registering shutdown blocker for XPIProvider
1462845056434	addons.manager	DEBUG	Provider finished startup: XPIProvider
1462845056436	addons.manager	DEBUG	Starting provider: LightweightThemeManager
1462845056436	addons.manager	DEBUG	Registering shutdown blocker for LightweightThemeManager
1462845056438	addons.manager	DEBUG	Provider finished startup: LightweightThemeManager
1462845056440	addons.manager	DEBUG	Starting provider: GMPProvider
1462845056545	addons.manager	DEBUG	Registering shutdown blocker for GMPProvider
1462845056546	addons.manager	DEBUG	Provider finished startup: GMPProvider
1462845056546	addons.manager	DEBUG	Starting provider: PluginProvider
1462845056547	addons.manager	DEBUG	Registering shutdown blocker for PluginProvider
1462845056548	addons.manager	DEBUG	Provider finished startup: PluginProvider
1462845056550	addons.manager	DEBUG	Completed startup sequence
1462845061133	addons.manager	DEBUG	Starting provider: &lt;unnamed-provider&gt;
1462845061133	addons.manager	DEBUG	Registering shutdown blocker for &lt;unnamed-provider&gt;
1462845061135	addons.manager	DEBUG	Provider finished startup: &lt;unnamed-provider&gt;
1462845063378	DeferredSave.extensions.json	DEBUG	Write succeeded
1462845063378	addons.xpi-utils	DEBUG	XPI Database saved, setting schema version preference to 17
1462845063378	DeferredSave.extensions.json	DEBUG	Starting timer
1462845063408	DeferredSave.extensions.json	DEBUG	Starting write
1462845063490	addons.repository	DEBUG	No addons.json found.
1462845063492	DeferredSave.addons.json	DEBUG	Save changes
1462845063505	DeferredSave.addons.json	DEBUG	Starting timer
1462845063680	addons.manager	DEBUG	Starting provider: PreviousExperimentProvider
1462845063680	addons.manager	DEBUG	Registering shutdown blocker for PreviousExperimentProvider
1462845063682	addons.manager	DEBUG	Provider finished startup: PreviousExperimentProvider
1462845063699	DeferredSave.addons.json	DEBUG	Starting write
1462845063744	DeferredSave.extensions.json	DEBUG	Write succeeded
1462845063892	DeferredSave.addons.json	DEBUG	Write succeeded

Build info: version: &#039;2.50.1&#039;, revision: &#039;d7fc91b&#039;, time: &#039;2016-01-29 19:08:26&#039;
System info: host: &#039;NBWenderson&#039;, ip: &#039;169.254.122.63&#039;, os.name: &#039;Windows 7&#039;, os.arch: &#039;x86&#039;, os.version: &#039;6.1&#039;, java.version: &#039;1.8.0_91&#039;
Driver info: driver.version: FirefoxDriver">
      <![CDATA[org.openqa.selenium.WebDriverException: Failed to connect to binary FirefoxBinary(C:\Program Files\Mozilla Firefox\firefox.exe) on port 7056; process output follows: 
"contributors":["Mozilla Contributors"]},"visible":true,"active":true,"userDisabled":false,"appDisabled":false,"descriptor":"C:\\Program Files\\Mozilla Firefox\\browser\\extensions\\{972ce4c6-7e08-4474-a285-3208198ce6fd}.xpi","installDate":1462643634604,"updateDate":1462643634604,"applyBackgroundUpdates":1,"skinnable":true,"size":22012,"sourceURI":null,"releaseNotesURI":null,"softDisabled":false,"foreignInstall":false,"hasBinaryComponents":false,"strictCompatibility":true,"locales":[],"targetApplications":[{"id":"{ec8030f7-c20a-464f-9b0e-13a3a9e97384}","minVersion":"46.0.1","maxVersion":"46.0.1"}],"targetPlatforms":[],"seen":true}
1462845056259	addons.xpi	DEBUG	getModTime: Recursive scan of {972ce4c6-7e08-4474-a285-3208198ce6fd}
1462845056264	DeferredSave.extensions.json	DEBUG	Save changes
1462845056265	addons.xpi	DEBUG	Updating database with changes to installed add-ons
1462845056265	addons.xpi-utils	DEBUG	Updating add-on states
1462845056268	addons.xpi-utils	DEBUG	Writing add-ons list
1462845056279	addons.xpi	DEBUG	Registering manifest for C:\Program Files\Mozilla Firefox\browser\features\e10srollout@mozilla.org.xpi
1462845056282	addons.xpi	DEBUG	Calling bootstrap method startup on e10srollout@mozilla.org version 1.0
1462845056283	addons.xpi	DEBUG	Registering manifest for C:\Program Files\Mozilla Firefox\browser\features\firefox@getpocket.com.xpi
1462845056287	addons.xpi	DEBUG	Calling bootstrap method startup on firefox@getpocket.com version 1.0
1462845056292	addons.xpi	DEBUG	Registering manifest for C:\Program Files\Mozilla Firefox\browser\features\loop@mozilla.org.xpi
1462845056297	addons.xpi	DEBUG	Calling bootstrap method startup on loop@mozilla.org version 1.2.6
1462845056418	addons.xpi	DEBUG	Registering manifest for C:\Program Files\Mozilla Firefox\browser\extensions\{82AF8DCA-6DE9-405D-BD5E-43525BDAD38A}.xpi
1462845056421	addons.xpi	DEBUG	Calling bootstrap method startup on {82AF8DCA-6DE9-405D-BD5E-43525BDAD38A} version 8.1.0.9134
1462845056433	addons.manager	DEBUG	Registering shutdown blocker for XPIProvider
1462845056434	addons.manager	DEBUG	Provider finished startup: XPIProvider
1462845056436	addons.manager	DEBUG	Starting provider: LightweightThemeManager
1462845056436	addons.manager	DEBUG	Registering shutdown blocker for LightweightThemeManager
1462845056438	addons.manager	DEBUG	Provider finished startup: LightweightThemeManager
1462845056440	addons.manager	DEBUG	Starting provider: GMPProvider
1462845056545	addons.manager	DEBUG	Registering shutdown blocker for GMPProvider
1462845056546	addons.manager	DEBUG	Provider finished startup: GMPProvider
1462845056546	addons.manager	DEBUG	Starting provider: PluginProvider
1462845056547	addons.manager	DEBUG	Registering shutdown blocker for PluginProvider
1462845056548	addons.manager	DEBUG	Provider finished startup: PluginProvider
1462845056550	addons.manager	DEBUG	Completed startup sequence
1462845061133	addons.manager	DEBUG	Starting provider: <unnamed-provider>
1462845061133	addons.manager	DEBUG	Registering shutdown blocker for <unnamed-provider>
1462845061135	addons.manager	DEBUG	Provider finished startup: <unnamed-provider>
1462845063378	DeferredSave.extensions.json	DEBUG	Write succeeded
1462845063378	addons.xpi-utils	DEBUG	XPI Database saved, setting schema version preference to 17
1462845063378	DeferredSave.extensions.json	DEBUG	Starting timer
1462845063408	DeferredSave.extensions.json	DEBUG	Starting write
1462845063490	addons.repository	DEBUG	No addons.json found.
1462845063492	DeferredSave.addons.json	DEBUG	Save changes
1462845063505	DeferredSave.addons.json	DEBUG	Starting timer
1462845063680	addons.manager	DEBUG	Starting provider: PreviousExperimentProvider
1462845063680	addons.manager	DEBUG	Registering shutdown blocker for PreviousExperimentProvider
1462845063682	addons.manager	DEBUG	Provider finished startup: PreviousExperimentProvider
1462845063699	DeferredSave.addons.json	DEBUG	Starting write
1462845063744	DeferredSave.extensions.json	DEBUG	Write succeeded
1462845063892	DeferredSave.addons.json	DEBUG	Write succeeded

Build info: version: '2.50.1', revision: 'd7fc91b', time: '2016-01-29 19:08:26'
System info: host: 'NBWenderson', ip: '169.254.122.63', os.name: 'Windows 7', os.arch: 'x86', os.version: '6.1', java.version: '1.8.0_91'
Driver info: driver.version: FirefoxDriver
	at org.openqa.selenium.firefox.internal.NewProfileExtensionConnection.start(NewProfileExtensionConnection.java:134)
	at org.openqa.selenium.firefox.FirefoxDriver.startClient(FirefoxDriver.java:271)
	at org.openqa.selenium.remote.RemoteWebDriver.<init>(RemoteWebDriver.java:119)
	at org.openqa.selenium.firefox.FirefoxDriver.<init>(FirefoxDriver.java:218)
	at org.openqa.selenium.firefox.FirefoxDriver.<init>(FirefoxDriver.java:211)
	at org.openqa.selenium.firefox.FirefoxDriver.<init>(FirefoxDriver.java:207)
	at org.openqa.selenium.firefox.FirefoxDriver.<init>(FirefoxDriver.java:120)
	at tjmg.pje.SuiteDeTestes.ClsTestaPaginaDeLoginPJE.inicializarDriver(ClsTestaPaginaDeLoginPJE.java:61)
	at sun.reflect.NativeMethodAccessorImpl.invoke0(Native Method)
	at sun.reflect.NativeMethodAccessorImpl.invoke(Unknown Source)
	at sun.reflect.DelegatingMethodAccessorImpl.invoke(Unknown Source)
	at java.lang.reflect.Method.invoke(Unknown Source)
	at org.testng.internal.MethodInvocationHelper.invokeMethod(MethodInvocationHelper.java:86)
	at org.testng.internal.Invoker.invokeConfigurationMethod(Invoker.java:515)
	at org.testng.internal.Invoker.invokeConfigurations(Invoker.java:216)
	at org.testng.internal.Invoker.invokeConfigurations(Invoker.java:143)
	at org.testng.internal.TestMethodWorker.invokeBeforeClassMethods(TestMethodWorker.java:178)
	at org.testng.internal.TestMethodWorker.run(TestMethodWorker.java:108)
	at org.testng.TestRunner.privateRun(TestRunner.java:778)
	at org.testng.TestRunner.run(TestRunner.java:632)
	at org.testng.SuiteRunner.runTest(SuiteRunner.java:366)
	at org.testng.SuiteRunner.runSequentially(SuiteRunner.java:361)
	at org.testng.SuiteRunner.privateRun(SuiteRunner.java:319)
	at org.testng.SuiteRunner.run(SuiteRunner.java:268)
	at org.testng.SuiteRunnerWorker.runSuite(SuiteRunnerWorker.java:52)
	at org.testng.SuiteRunnerWorker.run(SuiteRunnerWorker.java:86)
	at org.testng.TestNG.runSuitesSequentially(TestNG.java:1225)
	at org.testng.TestNG.runSuitesLocally(TestNG.java:1150)
	at org.testng.TestNG.runSuites(TestNG.java:1075)
	at org.testng.TestNG.run(TestNG.java:1047)
	at org.testng.remote.AbstractRemoteTestNG.run(AbstractRemoteTestNG.java:126)
	at org.testng.remote.RemoteTestNG.initAndRun(RemoteTestNG.java:137)
	at org.testng.remote.RemoteTestNG.main(RemoteTestNG.java:58)
Caused by: org.openqa.selenium.firefox.NotConnectedException: Unable to connect to host 127.0.0.1 on port 7056 after 45000 ms. Firefox console output:
"contributors":["Mozilla Contributors"]},"visible":true,"active":true,"userDisabled":false,"appDisabled":false,"descriptor":"C:\\Program Files\\Mozilla Firefox\\browser\\extensions\\{972ce4c6-7e08-4474-a285-3208198ce6fd}.xpi","installDate":1462643634604,"updateDate":1462643634604,"applyBackgroundUpdates":1,"skinnable":true,"size":22012,"sourceURI":null,"releaseNotesURI":null,"softDisabled":false,"foreignInstall":false,"hasBinaryComponents":false,"strictCompatibility":true,"locales":[],"targetApplications":[{"id":"{ec8030f7-c20a-464f-9b0e-13a3a9e97384}","minVersion":"46.0.1","maxVersion":"46.0.1"}],"targetPlatforms":[],"seen":true}
1462845056259	addons.xpi	DEBUG	getModTime: Recursive scan of {972ce4c6-7e08-4474-a285-3208198ce6fd}
1462845056264	DeferredSave.extensions.json	DEBUG	Save changes
1462845056265	addons.xpi	DEBUG	Updating database with changes to installed add-ons
1462845056265	addons.xpi-utils	DEBUG	Updating add-on states
1462845056268	addons.xpi-utils	DEBUG	Writing add-ons list
1462845056279	addons.xpi	DEBUG	Registering manifest for C:\Program Files\Mozilla Firefox\browser\features\e10srollout@mozilla.org.xpi
1462845056282	addons.xpi	DEBUG	Calling bootstrap method startup on e10srollout@mozilla.org version 1.0
1462845056283	addons.xpi	DEBUG	Registering manifest for C:\Program Files\Mozilla Firefox\browser\features\firefox@getpocket.com.xpi
1462845056287	addons.xpi	DEBUG	Calling bootstrap method startup on firefox@getpocket.com version 1.0
1462845056292	addons.xpi	DEBUG	Registering manifest for C:\Program Files\Mozilla Firefox\browser\features\loop@mozilla.org.xpi
1462845056297	addons.xpi	DEBUG	Calling bootstrap method startup on loop@mozilla.org version 1.2.6
1462845056418	addons.xpi	DEBUG	Registering manifest for C:\Program Files\Mozilla Firefox\browser\extensions\{82AF8DCA-6DE9-405D-BD5E-43525BDAD38A}.xpi
1462845056421	addons.xpi	DEBUG	Calling bootstrap method startup on {82AF8DCA-6DE9-405D-BD5E-43525BDAD38A} version 8.1.0.9134
1462845056433	addons.manager	DEBUG	Registering shutdown blocker for XPIProvider
1462845056434	addons.manager	DEBUG	Provider finished startup: XPIProvider
1462845056436	addons.manager	DEBUG	Starting provider: LightweightThemeManager
1462845056436	addons.manager	DEBUG	Registering shutdown blocker for LightweightThemeManager
1462845056438	addons.manager	DEBUG	Provider finished startup: LightweightThemeManager
1462845056440	addons.manager	DEBUG	Starting provider: GMPProvider
1462845056545	addons.manager	DEBUG	Registering shutdown blocker for GMPProvider
1462845056546	addons.manager	DEBUG	Provider finished startup: GMPProvider
1462845056546	addons.manager	DEBUG	Starting provider: PluginProvider
1462845056547	addons.manager	DEBUG	Registering shutdown blocker for PluginProvider
1462845056548	addons.manager	DEBUG	Provider finished startup: PluginProvider
1462845056550	addons.manager	DEBUG	Completed startup sequence
1462845061133	addons.manager	DEBUG	Starting provider: <unnamed-provider>
1462845061133	addons.manager	DEBUG	Registering shutdown blocker for <unnamed-provider>
1462845061135	addons.manager	DEBUG	Provider finished startup: <unnamed-provider>
1462845063378	DeferredSave.extensions.json	DEBUG	Write succeeded
1462845063378	addons.xpi-utils	DEBUG	XPI Database saved, setting schema version preference to 17
1462845063378	DeferredSave.extensions.json	DEBUG	Starting timer
1462845063408	DeferredSave.extensions.json	DEBUG	Starting write
1462845063490	addons.repository	DEBUG	No addons.json found.
1462845063492	DeferredSave.addons.json	DEBUG	Save changes
1462845063505	DeferredSave.addons.json	DEBUG	Starting timer
1462845063680	addons.manager	DEBUG	Starting provider: PreviousExperimentProvider
1462845063680	addons.manager	DEBUG	Registering shutdown blocker for PreviousExperimentProvider
1462845063682	addons.manager	DEBUG	Provider finished startup: PreviousExperimentProvider
1462845063699	DeferredSave.addons.json	DEBUG	Starting write
1462845063744	DeferredSave.extensions.json	DEBUG	Write succeeded
1462845063892	DeferredSave.addons.json	DEBUG	Write succeeded

	at org.openqa.selenium.firefox.internal.NewProfileExtensionConnection.start(NewProfileExtensionConnection.java:122)
	... 32 more
]]>
    </error>
  </testcase> <!-- mTestaLoginNoSistemaPJEPerfilMagistrado -->
  <testcase name="mTestaLoginNoSistemaPJEAssessor" time="0.007" classname="tjmg.pje.SuiteDeTestes.ClsTestaPaginaDeLoginPJE">
    <error type="org.openqa.selenium.WebDriverException" message="Failed to connect to binary FirefoxBinary(C:\Program Files\Mozilla Firefox\firefox.exe) on port 7056; process output follows: 
&quot;contributors&quot;:[&quot;Mozilla Contributors&quot;]},&quot;visible&quot;:true,&quot;active&quot;:true,&quot;userDisabled&quot;:false,&quot;appDisabled&quot;:false,&quot;descriptor&quot;:&quot;C:\\Program Files\\Mozilla Firefox\\browser\\extensions\\{972ce4c6-7e08-4474-a285-3208198ce6fd}.xpi&quot;,&quot;installDate&quot;:1462643634604,&quot;updateDate&quot;:1462643634604,&quot;applyBackgroundUpdates&quot;:1,&quot;skinnable&quot;:true,&quot;size&quot;:22012,&quot;sourceURI&quot;:null,&quot;releaseNotesURI&quot;:null,&quot;softDisabled&quot;:false,&quot;foreignInstall&quot;:false,&quot;hasBinaryComponents&quot;:false,&quot;strictCompatibility&quot;:true,&quot;locales&quot;:[],&quot;targetApplications&quot;:[{&quot;id&quot;:&quot;{ec8030f7-c20a-464f-9b0e-13a3a9e97384}&quot;,&quot;minVersion&quot;:&quot;46.0.1&quot;,&quot;maxVersion&quot;:&quot;46.0.1&quot;}],&quot;targetPlatforms&quot;:[],&quot;seen&quot;:true}
1462845056259	addons.xpi	DEBUG	getModTime: Recursive scan of {972ce4c6-7e08-4474-a285-3208198ce6fd}
1462845056264	DeferredSave.extensions.json	DEBUG	Save changes
1462845056265	addons.xpi	DEBUG	Updating database with changes to installed add-ons
1462845056265	addons.xpi-utils	DEBUG	Updating add-on states
1462845056268	addons.xpi-utils	DEBUG	Writing add-ons list
1462845056279	addons.xpi	DEBUG	Registering manifest for C:\Program Files\Mozilla Firefox\browser\features\e10srollout@mozilla.org.xpi
1462845056282	addons.xpi	DEBUG	Calling bootstrap method startup on e10srollout@mozilla.org version 1.0
1462845056283	addons.xpi	DEBUG	Registering manifest for C:\Program Files\Mozilla Firefox\browser\features\firefox@getpocket.com.xpi
1462845056287	addons.xpi	DEBUG	Calling bootstrap method startup on firefox@getpocket.com version 1.0
1462845056292	addons.xpi	DEBUG	Registering manifest for C:\Program Files\Mozilla Firefox\browser\features\loop@mozilla.org.xpi
1462845056297	addons.xpi	DEBUG	Calling bootstrap method startup on loop@mozilla.org version 1.2.6
1462845056418	addons.xpi	DEBUG	Registering manifest for C:\Program Files\Mozilla Firefox\browser\extensions\{82AF8DCA-6DE9-405D-BD5E-43525BDAD38A}.xpi
1462845056421	addons.xpi	DEBUG	Calling bootstrap method startup on {82AF8DCA-6DE9-405D-BD5E-43525BDAD38A} version 8.1.0.9134
1462845056433	addons.manager	DEBUG	Registering shutdown blocker for XPIProvider
1462845056434	addons.manager	DEBUG	Provider finished startup: XPIProvider
1462845056436	addons.manager	DEBUG	Starting provider: LightweightThemeManager
1462845056436	addons.manager	DEBUG	Registering shutdown blocker for LightweightThemeManager
1462845056438	addons.manager	DEBUG	Provider finished startup: LightweightThemeManager
1462845056440	addons.manager	DEBUG	Starting provider: GMPProvider
1462845056545	addons.manager	DEBUG	Registering shutdown blocker for GMPProvider
1462845056546	addons.manager	DEBUG	Provider finished startup: GMPProvider
1462845056546	addons.manager	DEBUG	Starting provider: PluginProvider
1462845056547	addons.manager	DEBUG	Registering shutdown blocker for PluginProvider
1462845056548	addons.manager	DEBUG	Provider finished startup: PluginProvider
1462845056550	addons.manager	DEBUG	Completed startup sequence
1462845061133	addons.manager	DEBUG	Starting provider: &lt;unnamed-provider&gt;
1462845061133	addons.manager	DEBUG	Registering shutdown blocker for &lt;unnamed-provider&gt;
1462845061135	addons.manager	DEBUG	Provider finished startup: &lt;unnamed-provider&gt;
1462845063378	DeferredSave.extensions.json	DEBUG	Write succeeded
1462845063378	addons.xpi-utils	DEBUG	XPI Database saved, setting schema version preference to 17
1462845063378	DeferredSave.extensions.json	DEBUG	Starting timer
1462845063408	DeferredSave.extensions.json	DEBUG	Starting write
1462845063490	addons.repository	DEBUG	No addons.json found.
1462845063492	DeferredSave.addons.json	DEBUG	Save changes
1462845063505	DeferredSave.addons.json	DEBUG	Starting timer
1462845063680	addons.manager	DEBUG	Starting provider: PreviousExperimentProvider
1462845063680	addons.manager	DEBUG	Registering shutdown blocker for PreviousExperimentProvider
1462845063682	addons.manager	DEBUG	Provider finished startup: PreviousExperimentProvider
1462845063699	DeferredSave.addons.json	DEBUG	Starting write
1462845063744	DeferredSave.extensions.json	DEBUG	Write succeeded
1462845063892	DeferredSave.addons.json	DEBUG	Write succeeded

Build info: version: &#039;2.50.1&#039;, revision: &#039;d7fc91b&#039;, time: &#039;2016-01-29 19:08:26&#039;
System info: host: &#039;NBWenderson&#039;, ip: &#039;169.254.122.63&#039;, os.name: &#039;Windows 7&#039;, os.arch: &#039;x86&#039;, os.version: &#039;6.1&#039;, java.version: &#039;1.8.0_91&#039;
Driver info: driver.version: FirefoxDriver">
      <![CDATA[org.openqa.selenium.WebDriverException: Failed to connect to binary FirefoxBinary(C:\Program Files\Mozilla Firefox\firefox.exe) on port 7056; process output follows: 
"contributors":["Mozilla Contributors"]},"visible":true,"active":true,"userDisabled":false,"appDisabled":false,"descriptor":"C:\\Program Files\\Mozilla Firefox\\browser\\extensions\\{972ce4c6-7e08-4474-a285-3208198ce6fd}.xpi","installDate":1462643634604,"updateDate":1462643634604,"applyBackgroundUpdates":1,"skinnable":true,"size":22012,"sourceURI":null,"releaseNotesURI":null,"softDisabled":false,"foreignInstall":false,"hasBinaryComponents":false,"strictCompatibility":true,"locales":[],"targetApplications":[{"id":"{ec8030f7-c20a-464f-9b0e-13a3a9e97384}","minVersion":"46.0.1","maxVersion":"46.0.1"}],"targetPlatforms":[],"seen":true}
1462845056259	addons.xpi	DEBUG	getModTime: Recursive scan of {972ce4c6-7e08-4474-a285-3208198ce6fd}
1462845056264	DeferredSave.extensions.json	DEBUG	Save changes
1462845056265	addons.xpi	DEBUG	Updating database with changes to installed add-ons
1462845056265	addons.xpi-utils	DEBUG	Updating add-on states
1462845056268	addons.xpi-utils	DEBUG	Writing add-ons list
1462845056279	addons.xpi	DEBUG	Registering manifest for C:\Program Files\Mozilla Firefox\browser\features\e10srollout@mozilla.org.xpi
1462845056282	addons.xpi	DEBUG	Calling bootstrap method startup on e10srollout@mozilla.org version 1.0
1462845056283	addons.xpi	DEBUG	Registering manifest for C:\Program Files\Mozilla Firefox\browser\features\firefox@getpocket.com.xpi
1462845056287	addons.xpi	DEBUG	Calling bootstrap method startup on firefox@getpocket.com version 1.0
1462845056292	addons.xpi	DEBUG	Registering manifest for C:\Program Files\Mozilla Firefox\browser\features\loop@mozilla.org.xpi
1462845056297	addons.xpi	DEBUG	Calling bootstrap method startup on loop@mozilla.org version 1.2.6
1462845056418	addons.xpi	DEBUG	Registering manifest for C:\Program Files\Mozilla Firefox\browser\extensions\{82AF8DCA-6DE9-405D-BD5E-43525BDAD38A}.xpi
1462845056421	addons.xpi	DEBUG	Calling bootstrap method startup on {82AF8DCA-6DE9-405D-BD5E-43525BDAD38A} version 8.1.0.9134
1462845056433	addons.manager	DEBUG	Registering shutdown blocker for XPIProvider
1462845056434	addons.manager	DEBUG	Provider finished startup: XPIProvider
1462845056436	addons.manager	DEBUG	Starting provider: LightweightThemeManager
1462845056436	addons.manager	DEBUG	Registering shutdown blocker for LightweightThemeManager
1462845056438	addons.manager	DEBUG	Provider finished startup: LightweightThemeManager
1462845056440	addons.manager	DEBUG	Starting provider: GMPProvider
1462845056545	addons.manager	DEBUG	Registering shutdown blocker for GMPProvider
1462845056546	addons.manager	DEBUG	Provider finished startup: GMPProvider
1462845056546	addons.manager	DEBUG	Starting provider: PluginProvider
1462845056547	addons.manager	DEBUG	Registering shutdown blocker for PluginProvider
1462845056548	addons.manager	DEBUG	Provider finished startup: PluginProvider
1462845056550	addons.manager	DEBUG	Completed startup sequence
1462845061133	addons.manager	DEBUG	Starting provider: <unnamed-provider>
1462845061133	addons.manager	DEBUG	Registering shutdown blocker for <unnamed-provider>
1462845061135	addons.manager	DEBUG	Provider finished startup: <unnamed-provider>
1462845063378	DeferredSave.extensions.json	DEBUG	Write succeeded
1462845063378	addons.xpi-utils	DEBUG	XPI Database saved, setting schema version preference to 17
1462845063378	DeferredSave.extensions.json	DEBUG	Starting timer
1462845063408	DeferredSave.extensions.json	DEBUG	Starting write
1462845063490	addons.repository	DEBUG	No addons.json found.
1462845063492	DeferredSave.addons.json	DEBUG	Save changes
1462845063505	DeferredSave.addons.json	DEBUG	Starting timer
1462845063680	addons.manager	DEBUG	Starting provider: PreviousExperimentProvider
1462845063680	addons.manager	DEBUG	Registering shutdown blocker for PreviousExperimentProvider
1462845063682	addons.manager	DEBUG	Provider finished startup: PreviousExperimentProvider
1462845063699	DeferredSave.addons.json	DEBUG	Starting write
1462845063744	DeferredSave.extensions.json	DEBUG	Write succeeded
1462845063892	DeferredSave.addons.json	DEBUG	Write succeeded

Build info: version: '2.50.1', revision: 'd7fc91b', time: '2016-01-29 19:08:26'
System info: host: 'NBWenderson', ip: '169.254.122.63', os.name: 'Windows 7', os.arch: 'x86', os.version: '6.1', java.version: '1.8.0_91'
Driver info: driver.version: FirefoxDriver
	at org.openqa.selenium.firefox.internal.NewProfileExtensionConnection.start(NewProfileExtensionConnection.java:134)
	at org.openqa.selenium.firefox.FirefoxDriver.startClient(FirefoxDriver.java:271)
	at org.openqa.selenium.remote.RemoteWebDriver.<init>(RemoteWebDriver.java:119)
	at org.openqa.selenium.firefox.FirefoxDriver.<init>(FirefoxDriver.java:218)
	at org.openqa.selenium.firefox.FirefoxDriver.<init>(FirefoxDriver.java:211)
	at org.openqa.selenium.firefox.FirefoxDriver.<init>(FirefoxDriver.java:207)
	at org.openqa.selenium.firefox.FirefoxDriver.<init>(FirefoxDriver.java:120)
	at tjmg.pje.SuiteDeTestes.ClsTestaPaginaDeLoginPJE.inicializarDriver(ClsTestaPaginaDeLoginPJE.java:61)
	at sun.reflect.NativeMethodAccessorImpl.invoke0(Native Method)
	at sun.reflect.NativeMethodAccessorImpl.invoke(Unknown Source)
	at sun.reflect.DelegatingMethodAccessorImpl.invoke(Unknown Source)
	at java.lang.reflect.Method.invoke(Unknown Source)
	at org.testng.internal.MethodInvocationHelper.invokeMethod(MethodInvocationHelper.java:86)
	at org.testng.internal.Invoker.invokeConfigurationMethod(Invoker.java:515)
	at org.testng.internal.Invoker.invokeConfigurations(Invoker.java:216)
	at org.testng.internal.Invoker.invokeConfigurations(Invoker.java:143)
	at org.testng.internal.TestMethodWorker.invokeBeforeClassMethods(TestMethodWorker.java:178)
	at org.testng.internal.TestMethodWorker.run(TestMethodWorker.java:108)
	at org.testng.TestRunner.privateRun(TestRunner.java:778)
	at org.testng.TestRunner.run(TestRunner.java:632)
	at org.testng.SuiteRunner.runTest(SuiteRunner.java:366)
	at org.testng.SuiteRunner.runSequentially(SuiteRunner.java:361)
	at org.testng.SuiteRunner.privateRun(SuiteRunner.java:319)
	at org.testng.SuiteRunner.run(SuiteRunner.java:268)
	at org.testng.SuiteRunnerWorker.runSuite(SuiteRunnerWorker.java:52)
	at org.testng.SuiteRunnerWorker.run(SuiteRunnerWorker.java:86)
	at org.testng.TestNG.runSuitesSequentially(TestNG.java:1225)
	at org.testng.TestNG.runSuitesLocally(TestNG.java:1150)
	at org.testng.TestNG.runSuites(TestNG.java:1075)
	at org.testng.TestNG.run(TestNG.java:1047)
	at org.testng.remote.AbstractRemoteTestNG.run(AbstractRemoteTestNG.java:126)
	at org.testng.remote.RemoteTestNG.initAndRun(RemoteTestNG.java:137)
	at org.testng.remote.RemoteTestNG.main(RemoteTestNG.java:58)
Caused by: org.openqa.selenium.firefox.NotConnectedException: Unable to connect to host 127.0.0.1 on port 7056 after 45000 ms. Firefox console output:
"contributors":["Mozilla Contributors"]},"visible":true,"active":true,"userDisabled":false,"appDisabled":false,"descriptor":"C:\\Program Files\\Mozilla Firefox\\browser\\extensions\\{972ce4c6-7e08-4474-a285-3208198ce6fd}.xpi","installDate":1462643634604,"updateDate":1462643634604,"applyBackgroundUpdates":1,"skinnable":true,"size":22012,"sourceURI":null,"releaseNotesURI":null,"softDisabled":false,"foreignInstall":false,"hasBinaryComponents":false,"strictCompatibility":true,"locales":[],"targetApplications":[{"id":"{ec8030f7-c20a-464f-9b0e-13a3a9e97384}","minVersion":"46.0.1","maxVersion":"46.0.1"}],"targetPlatforms":[],"seen":true}
1462845056259	addons.xpi	DEBUG	getModTime: Recursive scan of {972ce4c6-7e08-4474-a285-3208198ce6fd}
1462845056264	DeferredSave.extensions.json	DEBUG	Save changes
1462845056265	addons.xpi	DEBUG	Updating database with changes to installed add-ons
1462845056265	addons.xpi-utils	DEBUG	Updating add-on states
1462845056268	addons.xpi-utils	DEBUG	Writing add-ons list
1462845056279	addons.xpi	DEBUG	Registering manifest for C:\Program Files\Mozilla Firefox\browser\features\e10srollout@mozilla.org.xpi
1462845056282	addons.xpi	DEBUG	Calling bootstrap method startup on e10srollout@mozilla.org version 1.0
1462845056283	addons.xpi	DEBUG	Registering manifest for C:\Program Files\Mozilla Firefox\browser\features\firefox@getpocket.com.xpi
1462845056287	addons.xpi	DEBUG	Calling bootstrap method startup on firefox@getpocket.com version 1.0
1462845056292	addons.xpi	DEBUG	Registering manifest for C:\Program Files\Mozilla Firefox\browser\features\loop@mozilla.org.xpi
1462845056297	addons.xpi	DEBUG	Calling bootstrap method startup on loop@mozilla.org version 1.2.6
1462845056418	addons.xpi	DEBUG	Registering manifest for C:\Program Files\Mozilla Firefox\browser\extensions\{82AF8DCA-6DE9-405D-BD5E-43525BDAD38A}.xpi
1462845056421	addons.xpi	DEBUG	Calling bootstrap method startup on {82AF8DCA-6DE9-405D-BD5E-43525BDAD38A} version 8.1.0.9134
1462845056433	addons.manager	DEBUG	Registering shutdown blocker for XPIProvider
1462845056434	addons.manager	DEBUG	Provider finished startup: XPIProvider
1462845056436	addons.manager	DEBUG	Starting provider: LightweightThemeManager
1462845056436	addons.manager	DEBUG	Registering shutdown blocker for LightweightThemeManager
1462845056438	addons.manager	DEBUG	Provider finished startup: LightweightThemeManager
1462845056440	addons.manager	DEBUG	Starting provider: GMPProvider
1462845056545	addons.manager	DEBUG	Registering shutdown blocker for GMPProvider
1462845056546	addons.manager	DEBUG	Provider finished startup: GMPProvider
1462845056546	addons.manager	DEBUG	Starting provider: PluginProvider
1462845056547	addons.manager	DEBUG	Registering shutdown blocker for PluginProvider
1462845056548	addons.manager	DEBUG	Provider finished startup: PluginProvider
1462845056550	addons.manager	DEBUG	Completed startup sequence
1462845061133	addons.manager	DEBUG	Starting provider: <unnamed-provider>
1462845061133	addons.manager	DEBUG	Registering shutdown blocker for <unnamed-provider>
1462845061135	addons.manager	DEBUG	Provider finished startup: <unnamed-provider>
1462845063378	DeferredSave.extensions.json	DEBUG	Write succeeded
1462845063378	addons.xpi-utils	DEBUG	XPI Database saved, setting schema version preference to 17
1462845063378	DeferredSave.extensions.json	DEBUG	Starting timer
1462845063408	DeferredSave.extensions.json	DEBUG	Starting write
1462845063490	addons.repository	DEBUG	No addons.json found.
1462845063492	DeferredSave.addons.json	DEBUG	Save changes
1462845063505	DeferredSave.addons.json	DEBUG	Starting timer
1462845063680	addons.manager	DEBUG	Starting provider: PreviousExperimentProvider
1462845063680	addons.manager	DEBUG	Registering shutdown blocker for PreviousExperimentProvider
1462845063682	addons.manager	DEBUG	Provider finished startup: PreviousExperimentProvider
1462845063699	DeferredSave.addons.json	DEBUG	Starting write
1462845063744	DeferredSave.extensions.json	DEBUG	Write succeeded
1462845063892	DeferredSave.addons.json	DEBUG	Write succeeded

	at org.openqa.selenium.firefox.internal.NewProfileExtensionConnection.start(NewProfileExtensionConnection.java:122)
	... 32 more
]]>
    </error>
  </testcase> <!-- mTestaLoginNoSistemaPJEAssessor -->
</testsuite> <!-- tjmg.pje.SuiteDeTestes.ClsTestaPaginaDeLoginPJE -->
