<?xml version="1.0" encoding="UTF-8"?>
<!-- Generated by org.testng.reporters.JUnitReportReporter -->
<testsuite hostname="GEJUD-536163" name="tjmg.pje.Relatorios.ClsRelatorioDeExecucaoDosTestes" tests="1" failures="0" timestamp="6 Jun 2016 12:41:37 GMT" time="0.435" errors="0">
  <testcase name="geradorDeRelatorios" time="0.435" classname="tjmg.pje.Relatorios.ClsRelatorioDeExecucaoDosTestes"/>
</testsuite> <!-- tjmg.pje.Relatorios.ClsRelatorioDeExecucaoDosTestes -->
