<?xml version="1.0" encoding="UTF-8"?>
<!-- Generated by org.testng.reporters.JUnitReportReporter -->
<testsuite hostname="GEJUD-536163" name="tjmg.pje.Integracao.TestNG.Usuario.TestaMinhaPaginaDeLogin" tests="2" failures="0" timestamp="20 May 2016 16:55:01 GMT" time="11.049" errors="0">
  <testcase name="mTestaMinhaPaginaDeLoginDadosInvalidos" time="5.236" classname="tjmg.pje.Integracao.TestNG.Usuario.TestaMinhaPaginaDeLogin"/>
  <testcase name="mTestaMinhaPaginaDeLogin" time="5.813" classname="tjmg.pje.Integracao.TestNG.Usuario.TestaMinhaPaginaDeLogin"/>
</testsuite> <!-- tjmg.pje.Integracao.TestNG.Usuario.TestaMinhaPaginaDeLogin -->
