<?xml version="1.0" encoding="UTF-8"?>
<!-- Generated by org.testng.reporters.JUnitReportReporter -->
<testsuite hostname="GEJUD-536163" name="tjmg.pje.Relatorios.ClsRelatorioDeExecucaoDosTestes" tests="1" failures="0" timestamp="10 Jun 2016 16:18:37 GMT" time="0.512" errors="0">
  <testcase name="geradorDeRelatorios" time="0.512" classname="tjmg.pje.Relatorios.ClsRelatorioDeExecucaoDosTestes"/>
</testsuite> <!-- tjmg.pje.Relatorios.ClsRelatorioDeExecucaoDosTestes -->
