<?xml version="1.0" encoding="UTF-8"?>
<!-- Generated by org.testng.reporters.JUnitReportReporter -->
<testsuite hostname="GEJUD-536163" name="br.com.tjmg.pje.TestCases.ClsTestaOpcaoDoMenuProcesso" tests="3" failures="0" timestamp="4 May 2016 13:55:06 GMT" time="0.006" errors="0">
  <testcase name="mTestaProcessoRotinaDeProcessoNaoProtocolado" time="0.002" classname="br.com.tjmg.pje.TestCases.ClsTestaOpcaoDoMenuProcesso"/>
  <testcase name="mTestaProcessoRotinaDeIncluirUmNovoProcesso" time="0.002" classname="br.com.tjmg.pje.TestCases.ClsTestaOpcaoDoMenuProcesso"/>
  <testcase name="mTestaProcessoRotinaDeIncluirUmNovoProcessoIncidental" time="0.002" classname="br.com.tjmg.pje.TestCases.ClsTestaOpcaoDoMenuProcesso"/>
</testsuite> <!-- br.com.tjmg.pje.TestCases.ClsTestaOpcaoDoMenuProcesso -->
