<?xml version="1.0" encoding="UTF-8"?>
<!-- Generated by org.testng.reporters.JUnitReportReporter -->
<testsuite hostname="GEJUD-536163" name="tjmg.pje.Integracao.TestNG.Usuario.ClsTestaPesquisaDeProcessoNoSistema" tests="1" failures="0" timestamp="30 May 2016 18:54:45 GMT" time="0.025" errors="0">
  <testcase name="mTestaPesquisaDeProcessoNoSistemaComDadosValidos" time="0.025" classname="tjmg.pje.Integracao.TestNG.Usuario.ClsTestaPesquisaDeProcessoNoSistema"/>
</testsuite> <!-- tjmg.pje.Integracao.TestNG.Usuario.ClsTestaPesquisaDeProcessoNoSistema -->
