<?xml version="1.0" encoding="UTF-8"?>
<!-- Generated by org.testng.reporters.JUnitReportReporter -->
<testsuite hostname="GEJUD-536163" name="tjmg.pje.Integracao.TestNG.Usuario.ClsTestaPesquisaDeProcessoNoSistema" tests="1" failures="0" timestamp="9 Jun 2016 17:36:57 GMT" time="25.609" errors="0">
  <testcase name="mTestaPesquisaDeProcessoNoSistemaComDadosValidos" time="25.609" classname="tjmg.pje.Integracao.TestNG.Usuario.ClsTestaPesquisaDeProcessoNoSistema"/>
</testsuite> <!-- tjmg.pje.Integracao.TestNG.Usuario.ClsTestaPesquisaDeProcessoNoSistema -->
