<?xml version="1.0" encoding="UTF-8"?>
<!-- Generated by org.testng.reporters.JUnitReportReporter -->
<testsuite hostname="GEJUD-536163" name="tjmg.pje.Integracao.RegraDeNegocio.JUnit.ClsTestaIncluirNovoProcesso" tests="1" failures="0" timestamp="20 May 2016 16:49:00 GMT" time="11.655" errors="0">
  <testcase name="mTestaIncluirUmNovoProcesso" time="11.655" classname="tjmg.pje.Integracao.RegraDeNegocio.JUnit.ClsTestaIncluirNovoProcesso"/>
</testsuite> <!-- tjmg.pje.Integracao.RegraDeNegocio.JUnit.ClsTestaIncluirNovoProcesso -->
