<?xml version="1.0" encoding="UTF-8"?>
<!-- Generated by org.testng.reporters.JUnitReportReporter -->
<testsuite hostname="GEJUD-536163" name="tjmg.pje.Integracao.TestNG.Usuario.ClsTestaIncluirNovoProcesso" tests="1" failures="0" timestamp="25 May 2016 12:01:19 GMT" time="99.642" errors="0">
  <testcase name="mTestaIncluirUmNovoProcesso" time="99.642" classname="tjmg.pje.Integracao.TestNG.Usuario.ClsTestaIncluirNovoProcesso"/>
</testsuite> <!-- tjmg.pje.Integracao.TestNG.Usuario.ClsTestaIncluirNovoProcesso -->
