<?xml version="1.0" encoding="UTF-8"?>
<!-- Generated by org.testng.reporters.JUnitReportReporter -->
<testsuite hostname="GEJUD-536163" name="tjmg.pje.Integracao.TestNG.Usuario.ClsTestaMinhaPaginaTestNG" tests="6" failures="0" timestamp="30 May 2016 18:54:45 GMT" time="0.033" errors="0">
  <testcase name="mTestaLoginDoUsuarioNoSistemaUsuarioInvalidoSenhaValida" time="0.001" classname="tjmg.pje.Integracao.TestNG.Usuario.ClsTestaMinhaPaginaTestNG"/>
  <testcase name="mTestaLoginDoUsuarioNoSistemaNaoValido" time="0.001" classname="tjmg.pje.Integracao.TestNG.Usuario.ClsTestaMinhaPaginaTestNG"/>
  <testcase name="mTestaExcecaoDeString" time="0.008" classname="tjmg.pje.Integracao.TestNG.Usuario.ClsTestaMinhaPaginaTestNG"/>
  <testcase name="mTestaLoginDoUsuarioNoSistemaUsuarioValidoSenhaInvalida" time="0.010" classname="tjmg.pje.Integracao.TestNG.Usuario.ClsTestaMinhaPaginaTestNG"/>
  <testcase name="mTestaLoginDoUsuarioNoSistemaSemPassarOsDados" time="0.001" classname="tjmg.pje.Integracao.TestNG.Usuario.ClsTestaMinhaPaginaTestNG"/>
  <testcase name="mTestaLoginDoUsuarioNoSistemaComDadosValidos" time="0.012" classname="tjmg.pje.Integracao.TestNG.Usuario.ClsTestaMinhaPaginaTestNG"/>
</testsuite> <!-- tjmg.pje.Integracao.TestNG.Usuario.ClsTestaMinhaPaginaTestNG -->
