<?xml version="1.0" encoding="UTF-8"?>
<!-- Generated by org.testng.reporters.JUnitReportReporter -->
<testsuite hostname="GEJUD-536163" name="br.com.tjmg.pje.TestCases.ClsTestaOpcaoDoMenuAtividades" tests="1" failures="0" timestamp="4 May 2016 13:55:06 GMT" time="0.001" errors="0">
  <testcase name="mTestaAtividadesDeAssinarDocumentosPendentes" time="0.001" classname="br.com.tjmg.pje.TestCases.ClsTestaOpcaoDoMenuAtividades"/>
</testsuite> <!-- br.com.tjmg.pje.TestCases.ClsTestaOpcaoDoMenuAtividades -->
