<?xml version="1.0" encoding="UTF-8"?>
<!-- Generated by org.testng.reporters.JUnitReportReporter -->
<testsuite hostname="GEJUD-536163" name="tjmg.pje.Integracao.TestNG.Usuario.ClsTestaMinhaPaginaTestNG" tests="6" failures="0" timestamp="9 Jun 2016 17:36:57 GMT" time="0.019" errors="0">
  <testcase name="mTestaExcecaoDeString" time="0.005" classname="tjmg.pje.Integracao.TestNG.Usuario.ClsTestaMinhaPaginaTestNG"/>
  <testcase name="mTestaLoginDoUsuarioNoSistemaNaoValido" time="0.001" classname="tjmg.pje.Integracao.TestNG.Usuario.ClsTestaMinhaPaginaTestNG"/>
  <testcase name="mTestaLoginDoUsuarioNoSistemaUsuarioInvalidoSenhaValida" time="0.001" classname="tjmg.pje.Integracao.TestNG.Usuario.ClsTestaMinhaPaginaTestNG"/>
  <testcase name="mTestaLoginDoUsuarioNoSistemaUsuarioValidoSenhaInvalida" time="0.000" classname="tjmg.pje.Integracao.TestNG.Usuario.ClsTestaMinhaPaginaTestNG"/>
  <testcase name="mTestaLoginDoUsuarioNoSistemaComDadosValidos" time="0.011" classname="tjmg.pje.Integracao.TestNG.Usuario.ClsTestaMinhaPaginaTestNG"/>
  <testcase name="mTestaLoginDoUsuarioNoSistemaSemPassarOsDados" time="0.001" classname="tjmg.pje.Integracao.TestNG.Usuario.ClsTestaMinhaPaginaTestNG"/>
</testsuite> <!-- tjmg.pje.Integracao.TestNG.Usuario.ClsTestaMinhaPaginaTestNG -->
