<?xml version="1.0" encoding="UTF-8"?>
<!-- Generated by org.testng.reporters.JUnitReportReporter -->
<testsuite hostname="GEJUD-536163" name="tjmg.pje.Integracao.TestNG.Usuario.ClsTestaPaginaDeLoginPJETestNG" tests="5" failures="0" timestamp="13 Jun 2016 16:07:49 GMT" time="62.270" errors="0">
  <testcase name="mTestaLoginNoSistemaPJEPerfilSecretaria" time="10.648" classname="tjmg.pje.Integracao.TestNG.Usuario.ClsTestaPaginaDeLoginPJETestNG"/>
  <testcase name="mTestaLoginNoSistemaPJEAssessor" time="13.236" classname="tjmg.pje.Integracao.TestNG.Usuario.ClsTestaPaginaDeLoginPJETestNG"/>
  <testcase name="mTestaLoginNoSistemaPJEPerfilAdvogado" time="12.372" classname="tjmg.pje.Integracao.TestNG.Usuario.ClsTestaPaginaDeLoginPJETestNG"/>
  <testcase name="mTestaLoginNoSistemaPJEPerfilPublico" time="13.354" classname="tjmg.pje.Integracao.TestNG.Usuario.ClsTestaPaginaDeLoginPJETestNG"/>
  <testcase name="mTestaLoginNoSistemaPJEPerfilMagistrado" time="12.660" classname="tjmg.pje.Integracao.TestNG.Usuario.ClsTestaPaginaDeLoginPJETestNG"/>
</testsuite> <!-- tjmg.pje.Integracao.TestNG.Usuario.ClsTestaPaginaDeLoginPJETestNG -->
