<?xml version="1.0" encoding="UTF-8"?>
<!-- Generated by org.testng.reporters.JUnitReportReporter -->
<testsuite hostname="GEJUD-536163" name="br.com.tjmg.pje.TestCases.ClsTestaPaginaDeLoginPJE" tests="1" failures="0" timestamp="9 May 2016 14:46:24 GMT" time="10.446" errors="0">
  <testcase name="mTestaLoginNoSistemaPJEPerfilMagistrado" time="10.446" classname="br.com.tjmg.pje.TestCases.ClsTestaPaginaDeLoginPJE"/>
</testsuite> <!-- br.com.tjmg.pje.TestCases.ClsTestaPaginaDeLoginPJE -->
