<?xml version="1.0" encoding="UTF-8"?>
<!-- Generated by org.testng.reporters.JUnitReportReporter -->
<testsuite hostname="NBWenderson" name="br.com.testcase.Page.ClsTestaContasDeEmails" tests="3" failures="0" timestamp="22 Apr 2016 13:33:16 GMT" time="0.192" errors="1">
  <testcase name="f" time="0.051" classname="br.com.testcase.Page.ClsTestaContasDeEmails"/>
  <testcase name="ClsTestCaseLogin" time="0.136" classname="br.com.testcase.Page.ClsTestaContasDeEmails">
    <error type="org.testng.internal.reflect.MethodMatcherException" message="
Data provider mismatch
Method: ClsTestCaseLogin([])
Arguments: [(java.lang.String)wjcarmo@gmail.com,(java.lang.String)toddy@2013]">
      <![CDATA[org.testng.internal.reflect.MethodMatcherException: 
Data provider mismatch
Method: ClsTestCaseLogin([])
Arguments: [(java.lang.String)wjcarmo@gmail.com,(java.lang.String)toddy@2013]
	at org.testng.internal.reflect.DataProviderMethodMatcher.getConformingArguments(DataProviderMethodMatcher.java:52)
	at org.testng.internal.Invoker.injectParameters(Invoker.java:1228)
	at org.testng.internal.Invoker.invokeTestMethods(Invoker.java:1125)
	at org.testng.internal.TestMethodWorker.invokeTestMethods(TestMethodWorker.java:129)
	at org.testng.internal.TestMethodWorker.run(TestMethodWorker.java:112)
	at org.testng.TestRunner.privateRun(TestRunner.java:778)
	at org.testng.TestRunner.run(TestRunner.java:632)
	at org.testng.SuiteRunner.runTest(SuiteRunner.java:366)
	at org.testng.SuiteRunner.runSequentially(SuiteRunner.java:361)
	at org.testng.SuiteRunner.privateRun(SuiteRunner.java:319)
	at org.testng.SuiteRunner.run(SuiteRunner.java:268)
	at org.testng.SuiteRunnerWorker.runSuite(SuiteRunnerWorker.java:52)
	at org.testng.SuiteRunnerWorker.run(SuiteRunnerWorker.java:86)
	at org.testng.TestNG.runSuitesSequentially(TestNG.java:1225)
	at org.testng.TestNG.runSuitesLocally(TestNG.java:1150)
	at org.testng.TestNG.runSuites(TestNG.java:1075)
	at org.testng.TestNG.run(TestNG.java:1047)
	at org.testng.remote.AbstractRemoteTestNG.run(AbstractRemoteTestNG.java:126)
	at org.testng.remote.RemoteTestNG.initAndRun(RemoteTestNG.java:137)
	at org.testng.remote.RemoteTestNG.main(RemoteTestNG.java:58)
]]>
    </error>
  </testcase> <!-- ClsTestCaseLogin -->
  <testcase name="f" time="0.005" classname="br.com.testcase.Page.ClsTestaContasDeEmails"/>
</testsuite> <!-- br.com.testcase.Page.ClsTestaContasDeEmails -->
