<?xml version="1.0" encoding="UTF-8"?>
<!-- Generated by org.testng.reporters.JUnitReportReporter -->
<testsuite hostname="NBWenderson" name="br.com.tjmg.pje.validalogin.TestNGValidaLoginPJE" tests="2" failures="0" timestamp="29 Apr 2016 01:53:20 GMT" time="0.059" errors="0">
  <testcase name="f" time="0.004" classname="br.com.tjmg.pje.validalogin.TestNGValidaLoginPJE"/>
  <testcase name="f" time="0.055" classname="br.com.tjmg.pje.validalogin.TestNGValidaLoginPJE"/>
</testsuite> <!-- br.com.tjmg.pje.validalogin.TestNGValidaLoginPJE -->
